{"uid":"1d6f07b9b64aac2c","name":"test_reg[valid-case-lowercase-password]","fullName":"tests.test_reg#test_reg","historyId":"2f3153412dd902dc22f9e071f56a4686","time":{"start":1753174560975,"stop":1753174562085,"duration":1110},"status":"failed","statusMessage":"AssertionError: assert False == True","statusTrace":"driver = <selenium.webdriver.chrome.webdriver.WebDriver (session=\"47112c31a0d33507ba8d00cd7bf79fde\")>\nuser = 'asdasd@gmail.com', pwd = 's123Ok', confirm = 's123Ok', expected = True\nrequest = <FixtureRequest for <Function test_reg[valid-case-lowercase-password]>>\n\n    @pytest.mark.parametrize(\"user, pwd, confirm, expected\", params_input)\n    \n    \n    def test_reg(driver, user, pwd, confirm, expected,request):\n        page=IndexPage(driver)\n        page.open()\n    \n        def do_test():\n            delete_user(user)\n            reg_result=page.reg(user, pwd, confirm)\n            assert reg_result == expected\n            result = query_user_and_password(user, pwd)\n            if reg_result:\n                # 驗證是否寫入資料庫\n                assert result is not None, \"應該成功註冊，但資料庫找不到\"\n                assert result[0] == user\n                assert result[1] == pwd\n            else:\n                assert result is None, \"預期註冊失敗，但資料竟然寫入資料庫了\"\n    \n                # 測試後刪除資料\n            if result:\n                delete_user(user)\n    \n        pic = extract_parametrize_id(request)\n>       use_try(driver, do_test, pic)\n\ntests/test_reg.py:36: \n_ _ _ _ _ _ _ _ _ _ _ _ _ _ _ _ _ _ _ _ _ _ _ _ _ _ _ _ _ _ _ _ _ _ _ _ _ _ _ _ \nscr/for_try.py:33: in use_try\n    raise e  # 將錯誤拋出給 pytest 判斷為失敗\n    ^^^^^^^\nscr/for_try.py:15: in use_try\n    func()\n_ _ _ _ _ _ _ _ _ _ _ _ _ _ _ _ _ _ _ _ _ _ _ _ _ _ _ _ _ _ _ _ _ _ _ _ _ _ _ _ \n\n    def do_test():\n        delete_user(user)\n        reg_result=page.reg(user, pwd, confirm)\n>       assert reg_result == expected\nE       assert False == True\n\ntests/test_reg.py:21: AssertionError","flaky":false,"newFailed":false,"newBroken":false,"newPassed":false,"retriesCount":0,"retriesStatusChange":false,"beforeStages":[{"name":"driver","time":{"start":1753174546479,"stop":1753174546877,"duration":398},"status":"passed","steps":[],"attachments":[],"parameters":[],"shouldDisplayMessage":false,"stepsCount":0,"attachmentsCount":0,"hasContent":false,"attachmentStep":false}],"testStage":{"status":"failed","statusMessage":"AssertionError: assert False == True","statusTrace":"driver = <selenium.webdriver.chrome.webdriver.WebDriver (session=\"47112c31a0d33507ba8d00cd7bf79fde\")>\nuser = 'asdasd@gmail.com', pwd = 's123Ok', confirm = 's123Ok', expected = True\nrequest = <FixtureRequest for <Function test_reg[valid-case-lowercase-password]>>\n\n    @pytest.mark.parametrize(\"user, pwd, confirm, expected\", params_input)\n    \n    \n    def test_reg(driver, user, pwd, confirm, expected,request):\n        page=IndexPage(driver)\n        page.open()\n    \n        def do_test():\n            delete_user(user)\n            reg_result=page.reg(user, pwd, confirm)\n            assert reg_result == expected\n            result = query_user_and_password(user, pwd)\n            if reg_result:\n                # 驗證是否寫入資料庫\n                assert result is not None, \"應該成功註冊，但資料庫找不到\"\n                assert result[0] == user\n                assert result[1] == pwd\n            else:\n                assert result is None, \"預期註冊失敗，但資料竟然寫入資料庫了\"\n    \n                # 測試後刪除資料\n            if result:\n                delete_user(user)\n    \n        pic = extract_parametrize_id(request)\n>       use_try(driver, do_test, pic)\n\ntests/test_reg.py:36: \n_ _ _ _ _ _ _ _ _ _ _ _ _ _ _ _ _ _ _ _ _ _ _ _ _ _ _ _ _ _ _ _ _ _ _ _ _ _ _ _ \nscr/for_try.py:33: in use_try\n    raise e  # 將錯誤拋出給 pytest 判斷為失敗\n    ^^^^^^^\nscr/for_try.py:15: in use_try\n    func()\n_ _ _ _ _ _ _ _ _ _ _ _ _ _ _ _ _ _ _ _ _ _ _ _ _ _ _ _ _ _ _ _ _ _ _ _ _ _ _ _ \n\n    def do_test():\n        delete_user(user)\n        reg_result=page.reg(user, pwd, confirm)\n>       assert reg_result == expected\nE       assert False == True\n\ntests/test_reg.py:21: AssertionError","steps":[],"attachments":[{"uid":"b61e390090ab2","name":"valid-case-lowercase-password","source":"b61e390090ab2.png","type":"image/png","size":8792},{"uid":"665844b27be07348","name":"stdout","source":"665844b27be07348.txt","type":"text/plain","size":177}],"parameters":[],"shouldDisplayMessage":true,"stepsCount":0,"attachmentsCount":2,"hasContent":true,"attachmentStep":false},"afterStages":[{"name":"driver::0","time":{"start":1753174562090,"stop":1753174562154,"duration":64},"status":"passed","steps":[],"attachments":[],"parameters":[],"shouldDisplayMessage":false,"stepsCount":0,"attachmentsCount":0,"hasContent":false,"attachmentStep":false}],"labels":[{"name":"parentSuite","value":"tests"},{"name":"suite","value":"test_reg"},{"name":"host","value":"fv-az1755-192"},{"name":"thread","value":"4314-MainThread"},{"name":"framework","value":"pytest"},{"name":"language","value":"cpython3"},{"name":"package","value":"tests.test_reg"},{"name":"resultFormat","value":"allure2"}],"parameters":[{"name":"confirm","value":"'s123Ok'"},{"name":"expected","value":"True"},{"name":"pwd","value":"'s123Ok'"},{"name":"user","value":"'asdasd@gmail.com'"}],"links":[],"hidden":false,"retry":false,"extra":{"severity":"normal","retries":[],"categories":[{"name":"Product defects","matchedStatuses":[],"flaky":false}],"tags":[]},"source":"1d6f07b9b64aac2c.json","parameterValues":["'s123Ok'","True","'s123Ok'","'asdasd@gmail.com'"]}