{"uid":"27b111eee6bc6c1e","name":"test_reg[log_pass]","fullName":"tests.test_login#test_reg","historyId":"d2413aa576844e61c036f924851a0125","time":{"start":1753168305571,"stop":1753168306437,"duration":866},"status":"failed","statusMessage":"AssertionError: assert '帳號或密碼錯誤' == '登入成功'\n  \n  - 登入成功\n  + 帳號或密碼錯誤","statusTrace":"driver = <selenium.webdriver.chrome.webdriver.WebDriver (session=\"290220461b643f5ab2faefc41d3bcd03\")>\nuser = 'ok858585ok@gmail.com', pwd = 'OK88468', expected = '登入成功'\nrequest = <FixtureRequest for <Function test_reg[log_pass]>>\n\n    @pytest.mark.parametrize(\"user, pwd, expected\", params)\n    \n    def test_reg(driver, user, pwd, expected,request):\n        page=IndexPage(driver)\n        page.open()\n    \n        def do_test():\n            result=page.login(user, pwd)\n            assert result == expected\n    \n    \n        pic = extract_parametrize_id(request)\n>       use_try(driver, do_test, pic)\n\ntests/test_login.py:22: \n_ _ _ _ _ _ _ _ _ _ _ _ _ _ _ _ _ _ _ _ _ _ _ _ _ _ _ _ _ _ _ _ _ _ _ _ _ _ _ _ \nscr/for_try.py:33: in use_try\n    raise e  # 將錯誤拋出給 pytest 判斷為失敗\n    ^^^^^^^\nscr/for_try.py:15: in use_try\n    func()\n_ _ _ _ _ _ _ _ _ _ _ _ _ _ _ _ _ _ _ _ _ _ _ _ _ _ _ _ _ _ _ _ _ _ _ _ _ _ _ _ \n\n    def do_test():\n        result=page.login(user, pwd)\n>       assert result == expected\nE       AssertionError: assert '帳號或密碼錯誤' == '登入成功'\nE         \nE         - 登入成功\nE         + 帳號或密碼錯誤\n\ntests/test_login.py:18: AssertionError","flaky":false,"newFailed":false,"newBroken":false,"newPassed":false,"retriesCount":0,"retriesStatusChange":false,"beforeStages":[{"name":"driver","time":{"start":1753168304592,"stop":1753168305042,"duration":450},"status":"passed","steps":[],"attachments":[],"parameters":[],"shouldDisplayMessage":false,"stepsCount":0,"attachmentsCount":0,"hasContent":false,"attachmentStep":false}],"testStage":{"status":"failed","statusMessage":"AssertionError: assert '帳號或密碼錯誤' == '登入成功'\n  \n  - 登入成功\n  + 帳號或密碼錯誤","statusTrace":"driver = <selenium.webdriver.chrome.webdriver.WebDriver (session=\"290220461b643f5ab2faefc41d3bcd03\")>\nuser = 'ok858585ok@gmail.com', pwd = 'OK88468', expected = '登入成功'\nrequest = <FixtureRequest for <Function test_reg[log_pass]>>\n\n    @pytest.mark.parametrize(\"user, pwd, expected\", params)\n    \n    def test_reg(driver, user, pwd, expected,request):\n        page=IndexPage(driver)\n        page.open()\n    \n        def do_test():\n            result=page.login(user, pwd)\n            assert result == expected\n    \n    \n        pic = extract_parametrize_id(request)\n>       use_try(driver, do_test, pic)\n\ntests/test_login.py:22: \n_ _ _ _ _ _ _ _ _ _ _ _ _ _ _ _ _ _ _ _ _ _ _ _ _ _ _ _ _ _ _ _ _ _ _ _ _ _ _ _ \nscr/for_try.py:33: in use_try\n    raise e  # 將錯誤拋出給 pytest 判斷為失敗\n    ^^^^^^^\nscr/for_try.py:15: in use_try\n    func()\n_ _ _ _ _ _ _ _ _ _ _ _ _ _ _ _ _ _ _ _ _ _ _ _ _ _ _ _ _ _ _ _ _ _ _ _ _ _ _ _ \n\n    def do_test():\n        result=page.login(user, pwd)\n>       assert result == expected\nE       AssertionError: assert '帳號或密碼錯誤' == '登入成功'\nE         \nE         - 登入成功\nE         + 帳號或密碼錯誤\n\ntests/test_login.py:18: AssertionError","steps":[],"attachments":[{"uid":"270808a886a97657","name":"log_pass","source":"270808a886a97657.png","type":"image/png","size":8626},{"uid":"a0274ea3505ad4a4","name":"stdout","source":"a0274ea3505ad4a4.txt","type":"text/plain","size":204}],"parameters":[],"shouldDisplayMessage":true,"stepsCount":0,"attachmentsCount":2,"hasContent":true,"attachmentStep":false},"afterStages":[{"name":"driver::0","time":{"start":1753168306482,"stop":1753168306545,"duration":63},"status":"passed","steps":[],"attachments":[],"parameters":[],"shouldDisplayMessage":false,"stepsCount":0,"attachmentsCount":0,"hasContent":false,"attachmentStep":false}],"labels":[{"name":"parentSuite","value":"tests"},{"name":"suite","value":"test_login"},{"name":"host","value":"fv-az1719-415"},{"name":"thread","value":"4412-MainThread"},{"name":"framework","value":"pytest"},{"name":"language","value":"cpython3"},{"name":"package","value":"tests.test_login"},{"name":"resultFormat","value":"allure2"}],"parameters":[{"name":"expected","value":"'登入成功'"},{"name":"pwd","value":"'OK88468'"},{"name":"user","value":"'ok858585ok@gmail.com'"}],"links":[],"hidden":false,"retry":false,"extra":{"severity":"normal","retries":[],"categories":[{"name":"Product defects","matchedStatuses":[],"flaky":false}],"tags":[]},"source":"27b111eee6bc6c1e.json","parameterValues":["'登入成功'","'OK88468'","'ok858585ok@gmail.com'"]}