{"uid":"298833dfef2619a","name":"test_reg[valid-case-short-domain]","fullName":"tests.test_reg#test_reg","historyId":"90bb6ba87927bc5203732274d6f1cb0d","time":{"start":1753169114038,"stop":1753169114781,"duration":743},"status":"failed","statusMessage":"AssertionError: 應該成功註冊，但資料庫找不到\nassert None is not None","statusTrace":"driver = <selenium.webdriver.chrome.webdriver.WebDriver (session=\"d1da2d4088d0ea101131f7b783b38065\")>\nuser = 'as@o.m', pwd = 'OK123123ok', confirm = 'OK123123ok', expected = True\nrequest = <FixtureRequest for <Function test_reg[valid-case-short-domain]>>\n\n    @pytest.mark.parametrize(\"user, pwd, confirm, expected\", params_input)\n    \n    \n    def test_reg(driver, user, pwd, confirm, expected,request):\n        page=IndexPage(driver)\n        page.open()\n    \n        def do_test():\n            reg_result=page.reg(user, pwd, confirm)\n            assert reg_result == expected\n            result = query_user_and_password(user, pwd)\n            if reg_result:\n                # 驗證是否寫入資料庫\n                assert result is not None, \"應該成功註冊，但資料庫找不到\"\n                assert result[0] == user\n                assert result[1] == pwd\n            else:\n                assert result is None, \"預期註冊失敗，但資料竟然寫入資料庫了\"\n    \n                # 測試後刪除資料\n            if result:\n                delete_user(user)\n    \n        pic = extract_parametrize_id(request)\n>       use_try(driver, do_test, pic)\n\ntests/test_reg.py:35: \n_ _ _ _ _ _ _ _ _ _ _ _ _ _ _ _ _ _ _ _ _ _ _ _ _ _ _ _ _ _ _ _ _ _ _ _ _ _ _ _ \nscr/for_try.py:33: in use_try\n    raise e  # 將錯誤拋出給 pytest 判斷為失敗\n    ^^^^^^^\nscr/for_try.py:15: in use_try\n    func()\n_ _ _ _ _ _ _ _ _ _ _ _ _ _ _ _ _ _ _ _ _ _ _ _ _ _ _ _ _ _ _ _ _ _ _ _ _ _ _ _ \n\n    def do_test():\n        reg_result=page.reg(user, pwd, confirm)\n        assert reg_result == expected\n        result = query_user_and_password(user, pwd)\n        if reg_result:\n            # 驗證是否寫入資料庫\n>           assert result is not None, \"應該成功註冊，但資料庫找不到\"\nE           AssertionError: 應該成功註冊，但資料庫找不到\nE           assert None is not None\n\ntests/test_reg.py:24: AssertionError","flaky":false,"newFailed":false,"newBroken":false,"newPassed":false,"retriesCount":0,"retriesStatusChange":false,"beforeStages":[{"name":"driver","time":{"start":1753169102371,"stop":1753169102830,"duration":459},"status":"passed","steps":[],"attachments":[],"parameters":[],"shouldDisplayMessage":false,"stepsCount":0,"attachmentsCount":0,"hasContent":false,"attachmentStep":false}],"testStage":{"status":"failed","statusMessage":"AssertionError: 應該成功註冊，但資料庫找不到\nassert None is not None","statusTrace":"driver = <selenium.webdriver.chrome.webdriver.WebDriver (session=\"d1da2d4088d0ea101131f7b783b38065\")>\nuser = 'as@o.m', pwd = 'OK123123ok', confirm = 'OK123123ok', expected = True\nrequest = <FixtureRequest for <Function test_reg[valid-case-short-domain]>>\n\n    @pytest.mark.parametrize(\"user, pwd, confirm, expected\", params_input)\n    \n    \n    def test_reg(driver, user, pwd, confirm, expected,request):\n        page=IndexPage(driver)\n        page.open()\n    \n        def do_test():\n            reg_result=page.reg(user, pwd, confirm)\n            assert reg_result == expected\n            result = query_user_and_password(user, pwd)\n            if reg_result:\n                # 驗證是否寫入資料庫\n                assert result is not None, \"應該成功註冊，但資料庫找不到\"\n                assert result[0] == user\n                assert result[1] == pwd\n            else:\n                assert result is None, \"預期註冊失敗，但資料竟然寫入資料庫了\"\n    \n                # 測試後刪除資料\n            if result:\n                delete_user(user)\n    \n        pic = extract_parametrize_id(request)\n>       use_try(driver, do_test, pic)\n\ntests/test_reg.py:35: \n_ _ _ _ _ _ _ _ _ _ _ _ _ _ _ _ _ _ _ _ _ _ _ _ _ _ _ _ _ _ _ _ _ _ _ _ _ _ _ _ \nscr/for_try.py:33: in use_try\n    raise e  # 將錯誤拋出給 pytest 判斷為失敗\n    ^^^^^^^\nscr/for_try.py:15: in use_try\n    func()\n_ _ _ _ _ _ _ _ _ _ _ _ _ _ _ _ _ _ _ _ _ _ _ _ _ _ _ _ _ _ _ _ _ _ _ _ _ _ _ _ \n\n    def do_test():\n        reg_result=page.reg(user, pwd, confirm)\n        assert reg_result == expected\n        result = query_user_and_password(user, pwd)\n        if reg_result:\n            # 驗證是否寫入資料庫\n>           assert result is not None, \"應該成功註冊，但資料庫找不到\"\nE           AssertionError: 應該成功註冊，但資料庫找不到\nE           assert None is not None\n\ntests/test_reg.py:24: AssertionError","steps":[],"attachments":[{"uid":"3e5895d1f2b50b24","name":"valid-case-short-domain","source":"3e5895d1f2b50b24.png","type":"image/png","size":7835},{"uid":"fd2a11447d478a64","name":"stdout","source":"fd2a11447d478a64.txt","type":"text/plain","size":229}],"parameters":[],"shouldDisplayMessage":true,"stepsCount":0,"attachmentsCount":2,"hasContent":true,"attachmentStep":false},"afterStages":[{"name":"driver::0","time":{"start":1753169115054,"stop":1753169115113,"duration":59},"status":"passed","steps":[],"attachments":[],"parameters":[],"shouldDisplayMessage":false,"stepsCount":0,"attachmentsCount":0,"hasContent":false,"attachmentStep":false}],"labels":[{"name":"parentSuite","value":"tests"},{"name":"suite","value":"test_reg"},{"name":"host","value":"fv-az2233-793"},{"name":"thread","value":"4443-MainThread"},{"name":"framework","value":"pytest"},{"name":"language","value":"cpython3"},{"name":"package","value":"tests.test_reg"},{"name":"resultFormat","value":"allure2"}],"parameters":[{"name":"confirm","value":"'OK123123ok'"},{"name":"expected","value":"True"},{"name":"pwd","value":"'OK123123ok'"},{"name":"user","value":"'as@o.m'"}],"links":[],"hidden":false,"retry":false,"extra":{"severity":"normal","retries":[],"categories":[{"name":"Product defects","matchedStatuses":[],"flaky":false}],"tags":[]},"source":"298833dfef2619a.json","parameterValues":["'OK123123ok'","True","'OK123123ok'","'as@o.m'"]}