{"uid":"2ca6187de292907c","name":"test_reg[log_pass]","fullName":"tests.test_login#test_reg","historyId":"d2413aa576844e61c036f924851a0125","time":{"start":1755846537737,"stop":1755846538432,"duration":695},"status":"failed","statusMessage":"AssertionError: assert '帳號或密碼錯誤' == '登入成功'\n  \n  - 登入成功\n  + 帳號或密碼錯誤","statusTrace":"driver = <selenium.webdriver.chrome.webdriver.WebDriver (session=\"cd72647fd8c7999ce33be3b5fb762488\")>\nuser = 'ok858585ok@gmail.com', pwd = 'OK88468', expected = '登入成功'\nrequest = <FixtureRequest for <Function test_reg[log_pass]>>\n\n    @pytest.mark.parametrize(\"user, pwd, expected\", params)\n    \n    def test_reg(driver, user, pwd, expected,request):\n        page=IndexPage(driver)\n        page.open()\n    \n        def do_test():\n            result=page.login(user, pwd)\n            assert result == expected\n    \n    \n        pic = extract_parametrize_id(request)\n>       use_try(driver, do_test, pic)\n\ntests/test_login.py:22: \n_ _ _ _ _ _ _ _ _ _ _ _ _ _ _ _ _ _ _ _ _ _ _ _ _ _ _ _ _ _ _ _ _ _ _ _ _ _ _ _ \nscr/for_try.py:33: in use_try\n    raise e  # 將錯誤拋出給 pytest 判斷為失敗\n    ^^^^^^^\nscr/for_try.py:15: in use_try\n    func()\n_ _ _ _ _ _ _ _ _ _ _ _ _ _ _ _ _ _ _ _ _ _ _ _ _ _ _ _ _ _ _ _ _ _ _ _ _ _ _ _ \n\n    def do_test():\n        result=page.login(user, pwd)\n>       assert result == expected\nE       AssertionError: assert '帳號或密碼錯誤' == '登入成功'\nE         \nE         - 登入成功\nE         + 帳號或密碼錯誤\n\ntests/test_login.py:18: AssertionError","flaky":false,"newFailed":false,"newBroken":false,"newPassed":false,"retriesCount":0,"retriesStatusChange":false,"beforeStages":[{"name":"driver","time":{"start":1755846536037,"stop":1755846536306,"duration":269},"status":"passed","steps":[],"attachments":[],"parameters":[],"shouldDisplayMessage":false,"stepsCount":0,"attachmentsCount":0,"hasContent":false,"attachmentStep":false}],"testStage":{"status":"failed","statusMessage":"AssertionError: assert '帳號或密碼錯誤' == '登入成功'\n  \n  - 登入成功\n  + 帳號或密碼錯誤","statusTrace":"driver = <selenium.webdriver.chrome.webdriver.WebDriver (session=\"cd72647fd8c7999ce33be3b5fb762488\")>\nuser = 'ok858585ok@gmail.com', pwd = 'OK88468', expected = '登入成功'\nrequest = <FixtureRequest for <Function test_reg[log_pass]>>\n\n    @pytest.mark.parametrize(\"user, pwd, expected\", params)\n    \n    def test_reg(driver, user, pwd, expected,request):\n        page=IndexPage(driver)\n        page.open()\n    \n        def do_test():\n            result=page.login(user, pwd)\n            assert result == expected\n    \n    \n        pic = extract_parametrize_id(request)\n>       use_try(driver, do_test, pic)\n\ntests/test_login.py:22: \n_ _ _ _ _ _ _ _ _ _ _ _ _ _ _ _ _ _ _ _ _ _ _ _ _ _ _ _ _ _ _ _ _ _ _ _ _ _ _ _ \nscr/for_try.py:33: in use_try\n    raise e  # 將錯誤拋出給 pytest 判斷為失敗\n    ^^^^^^^\nscr/for_try.py:15: in use_try\n    func()\n_ _ _ _ _ _ _ _ _ _ _ _ _ _ _ _ _ _ _ _ _ _ _ _ _ _ _ _ _ _ _ _ _ _ _ _ _ _ _ _ \n\n    def do_test():\n        result=page.login(user, pwd)\n>       assert result == expected\nE       AssertionError: assert '帳號或密碼錯誤' == '登入成功'\nE         \nE         - 登入成功\nE         + 帳號或密碼錯誤\n\ntests/test_login.py:18: AssertionError","steps":[],"attachments":[{"uid":"83e028d3ef832c7a","name":"log_pass","source":"83e028d3ef832c7a.png","type":"image/png","size":9141},{"uid":"d32b69a293eaa592","name":"stdout","source":"d32b69a293eaa592.txt","type":"text/plain","size":204}],"parameters":[],"shouldDisplayMessage":true,"stepsCount":0,"attachmentsCount":2,"hasContent":true,"attachmentStep":false},"afterStages":[{"name":"driver::0","time":{"start":1755846538467,"stop":1755846538528,"duration":61},"status":"passed","steps":[],"attachments":[],"parameters":[],"shouldDisplayMessage":false,"stepsCount":0,"attachmentsCount":0,"hasContent":false,"attachmentStep":false}],"labels":[{"name":"parentSuite","value":"tests"},{"name":"suite","value":"test_login"},{"name":"host","value":"5939aa528554"},{"name":"thread","value":"1-MainThread"},{"name":"framework","value":"pytest"},{"name":"language","value":"cpython3"},{"name":"package","value":"tests.test_login"},{"name":"resultFormat","value":"allure2"}],"parameters":[{"name":"expected","value":"'登入成功'"},{"name":"pwd","value":"'OK88468'"},{"name":"user","value":"'ok858585ok@gmail.com'"}],"links":[],"hidden":false,"retry":false,"extra":{"severity":"normal","retries":[],"categories":[{"name":"Product defects","matchedStatuses":[],"flaky":false}],"tags":[]},"source":"2ca6187de292907c.json","parameterValues":["'登入成功'","'OK88468'","'ok858585ok@gmail.com'"]}