{"uid":"316201eeedc4ddf","name":"test_reg[log_pass]","fullName":"tests.test_login#test_reg","historyId":"d2413aa576844e61c036f924851a0125","time":{"start":1753169101897,"stop":1753169102269,"duration":372},"status":"failed","statusMessage":"AssertionError: assert '帳號或密碼錯誤' == '登入成功'\n  \n  - 登入成功\n  + 帳號或密碼錯誤","statusTrace":"driver = <selenium.webdriver.chrome.webdriver.WebDriver (session=\"0782a3231e9417dd1b183d3674ed13d9\")>\nuser = 'ok858585ok@gmail.com', pwd = 'OK88468', expected = '登入成功'\nrequest = <FixtureRequest for <Function test_reg[log_pass]>>\n\n    @pytest.mark.parametrize(\"user, pwd, expected\", params)\n    \n    def test_reg(driver, user, pwd, expected,request):\n        page=IndexPage(driver)\n        page.open()\n    \n        def do_test():\n            result=page.login(user, pwd)\n            assert result == expected\n    \n    \n        pic = extract_parametrize_id(request)\n>       use_try(driver, do_test, pic)\n\ntests/test_login.py:22: \n_ _ _ _ _ _ _ _ _ _ _ _ _ _ _ _ _ _ _ _ _ _ _ _ _ _ _ _ _ _ _ _ _ _ _ _ _ _ _ _ \nscr/for_try.py:33: in use_try\n    raise e  # 將錯誤拋出給 pytest 判斷為失敗\n    ^^^^^^^\nscr/for_try.py:15: in use_try\n    func()\n_ _ _ _ _ _ _ _ _ _ _ _ _ _ _ _ _ _ _ _ _ _ _ _ _ _ _ _ _ _ _ _ _ _ _ _ _ _ _ _ \n\n    def do_test():\n        result=page.login(user, pwd)\n>       assert result == expected\nE       AssertionError: assert '帳號或密碼錯誤' == '登入成功'\nE         \nE         - 登入成功\nE         + 帳號或密碼錯誤\n\ntests/test_login.py:18: AssertionError","flaky":false,"newFailed":false,"newBroken":false,"newPassed":false,"retriesCount":0,"retriesStatusChange":false,"beforeStages":[{"name":"driver","time":{"start":1753169100957,"stop":1753169101402,"duration":445},"status":"passed","steps":[],"attachments":[],"parameters":[],"shouldDisplayMessage":false,"stepsCount":0,"attachmentsCount":0,"hasContent":false,"attachmentStep":false}],"testStage":{"status":"failed","statusMessage":"AssertionError: assert '帳號或密碼錯誤' == '登入成功'\n  \n  - 登入成功\n  + 帳號或密碼錯誤","statusTrace":"driver = <selenium.webdriver.chrome.webdriver.WebDriver (session=\"0782a3231e9417dd1b183d3674ed13d9\")>\nuser = 'ok858585ok@gmail.com', pwd = 'OK88468', expected = '登入成功'\nrequest = <FixtureRequest for <Function test_reg[log_pass]>>\n\n    @pytest.mark.parametrize(\"user, pwd, expected\", params)\n    \n    def test_reg(driver, user, pwd, expected,request):\n        page=IndexPage(driver)\n        page.open()\n    \n        def do_test():\n            result=page.login(user, pwd)\n            assert result == expected\n    \n    \n        pic = extract_parametrize_id(request)\n>       use_try(driver, do_test, pic)\n\ntests/test_login.py:22: \n_ _ _ _ _ _ _ _ _ _ _ _ _ _ _ _ _ _ _ _ _ _ _ _ _ _ _ _ _ _ _ _ _ _ _ _ _ _ _ _ \nscr/for_try.py:33: in use_try\n    raise e  # 將錯誤拋出給 pytest 判斷為失敗\n    ^^^^^^^\nscr/for_try.py:15: in use_try\n    func()\n_ _ _ _ _ _ _ _ _ _ _ _ _ _ _ _ _ _ _ _ _ _ _ _ _ _ _ _ _ _ _ _ _ _ _ _ _ _ _ _ \n\n    def do_test():\n        result=page.login(user, pwd)\n>       assert result == expected\nE       AssertionError: assert '帳號或密碼錯誤' == '登入成功'\nE         \nE         - 登入成功\nE         + 帳號或密碼錯誤\n\ntests/test_login.py:18: AssertionError","steps":[],"attachments":[{"uid":"a64812c628d26b2e","name":"log_pass","source":"a64812c628d26b2e.png","type":"image/png","size":8626},{"uid":"adc63945fb47817b","name":"stdout","source":"adc63945fb47817b.txt","type":"text/plain","size":204}],"parameters":[],"shouldDisplayMessage":true,"stepsCount":0,"attachmentsCount":2,"hasContent":true,"attachmentStep":false},"afterStages":[{"name":"driver::0","time":{"start":1753169102310,"stop":1753169102369,"duration":59},"status":"passed","steps":[],"attachments":[],"parameters":[],"shouldDisplayMessage":false,"stepsCount":0,"attachmentsCount":0,"hasContent":false,"attachmentStep":false}],"labels":[{"name":"parentSuite","value":"tests"},{"name":"suite","value":"test_login"},{"name":"host","value":"fv-az2233-793"},{"name":"thread","value":"4443-MainThread"},{"name":"framework","value":"pytest"},{"name":"language","value":"cpython3"},{"name":"package","value":"tests.test_login"},{"name":"resultFormat","value":"allure2"}],"parameters":[{"name":"expected","value":"'登入成功'"},{"name":"pwd","value":"'OK88468'"},{"name":"user","value":"'ok858585ok@gmail.com'"}],"links":[],"hidden":false,"retry":false,"extra":{"severity":"normal","retries":[],"categories":[{"name":"Product defects","matchedStatuses":[],"flaky":false}],"tags":[]},"source":"316201eeedc4ddf.json","parameterValues":["'登入成功'","'OK88468'","'ok858585ok@gmail.com'"]}