{"uid":"58f8fe7c18cc864","name":"test_default_check[select-option-2]","fullName":"tests.test_select#test_default_check","historyId":"28acbd320c950962d1508acf94411287","time":{"start":1753350499043,"stop":1753350499374,"duration":331},"status":"failed","statusMessage":"AssertionError: assert '選項二' == 'qwe'\n  \n  - qwe\n  + 選項二","statusTrace":"driver = <selenium.webdriver.chrome.webdriver.WebDriver (session=\"dc64a76f333763d0306f8cddf9181ae6\")>\nsel_item = 1, expected = '選項二'\nrequest = <FixtureRequest for <Function test_default_check[select-option-2]>>\n\n    @pytest.mark.parametrize(\"sel_item, expected\", params)\n    \n    def test_default_check(driver, sel_item, expected , request):\n        page=IndexPage(driver,)\n        page.open()\n        def do_test():\n            sel_text, show_val=page.select(sel_item)\n            assert sel_text == \"qwe\"\n            assert show_val == expected\n    \n        pic = extract_parametrize_id(request)\n>       use_try(driver, do_test, pic)\n\ntests/test_select.py:20: \n_ _ _ _ _ _ _ _ _ _ _ _ _ _ _ _ _ _ _ _ _ _ _ _ _ _ _ _ _ _ _ _ _ _ _ _ _ _ _ _ \nscr/for_try.py:33: in use_try\n    raise e  # 將錯誤拋出給 pytest 判斷為失敗\n    ^^^^^^^\nscr/for_try.py:15: in use_try\n    func()\n_ _ _ _ _ _ _ _ _ _ _ _ _ _ _ _ _ _ _ _ _ _ _ _ _ _ _ _ _ _ _ _ _ _ _ _ _ _ _ _ \n\n    def do_test():\n        sel_text, show_val=page.select(sel_item)\n>       assert sel_text == \"qwe\"\nE       AssertionError: assert '選項二' == 'qwe'\nE         \nE         - qwe\nE         + 選項二\n\ntests/test_select.py:16: AssertionError","flaky":false,"newFailed":false,"newBroken":false,"newPassed":false,"retriesCount":0,"retriesStatusChange":false,"beforeStages":[{"name":"driver","time":{"start":1753350498629,"stop":1753350499043,"duration":414},"status":"passed","steps":[],"attachments":[],"parameters":[],"shouldDisplayMessage":false,"stepsCount":0,"attachmentsCount":0,"hasContent":false,"attachmentStep":false}],"testStage":{"status":"failed","statusMessage":"AssertionError: assert '選項二' == 'qwe'\n  \n  - qwe\n  + 選項二","statusTrace":"driver = <selenium.webdriver.chrome.webdriver.WebDriver (session=\"dc64a76f333763d0306f8cddf9181ae6\")>\nsel_item = 1, expected = '選項二'\nrequest = <FixtureRequest for <Function test_default_check[select-option-2]>>\n\n    @pytest.mark.parametrize(\"sel_item, expected\", params)\n    \n    def test_default_check(driver, sel_item, expected , request):\n        page=IndexPage(driver,)\n        page.open()\n        def do_test():\n            sel_text, show_val=page.select(sel_item)\n            assert sel_text == \"qwe\"\n            assert show_val == expected\n    \n        pic = extract_parametrize_id(request)\n>       use_try(driver, do_test, pic)\n\ntests/test_select.py:20: \n_ _ _ _ _ _ _ _ _ _ _ _ _ _ _ _ _ _ _ _ _ _ _ _ _ _ _ _ _ _ _ _ _ _ _ _ _ _ _ _ \nscr/for_try.py:33: in use_try\n    raise e  # 將錯誤拋出給 pytest 判斷為失敗\n    ^^^^^^^\nscr/for_try.py:15: in use_try\n    func()\n_ _ _ _ _ _ _ _ _ _ _ _ _ _ _ _ _ _ _ _ _ _ _ _ _ _ _ _ _ _ _ _ _ _ _ _ _ _ _ _ \n\n    def do_test():\n        sel_text, show_val=page.select(sel_item)\n>       assert sel_text == \"qwe\"\nE       AssertionError: assert '選項二' == 'qwe'\nE         \nE         - qwe\nE         + 選項二\n\ntests/test_select.py:16: AssertionError","steps":[],"attachments":[{"uid":"4ac3befb00cae795","name":"select-option-2","source":"4ac3befb00cae795.png","type":"image/png","size":6418},{"uid":"cc2fe9853c50a7a0","name":"stdout","source":"cc2fe9853c50a7a0.txt","type":"text/plain","size":169}],"parameters":[],"shouldDisplayMessage":true,"stepsCount":0,"attachmentsCount":2,"hasContent":true,"attachmentStep":false},"afterStages":[{"name":"driver::0","time":{"start":1753350499725,"stop":1753350499784,"duration":59},"status":"passed","steps":[],"attachments":[],"parameters":[],"shouldDisplayMessage":false,"stepsCount":0,"attachmentsCount":0,"hasContent":false,"attachmentStep":false}],"labels":[{"name":"parentSuite","value":"tests"},{"name":"suite","value":"test_select"},{"name":"host","value":"fv-az1692-712"},{"name":"thread","value":"3747-MainThread"},{"name":"framework","value":"pytest"},{"name":"language","value":"cpython3"},{"name":"package","value":"tests.test_select"},{"name":"resultFormat","value":"allure2"}],"parameters":[{"name":"expected","value":"'選項二'"},{"name":"sel_item","value":"1"}],"links":[],"hidden":false,"retry":false,"extra":{"severity":"normal","retries":[],"categories":[{"name":"Product defects","matchedStatuses":[],"flaky":false}],"tags":[]},"source":"58f8fe7c18cc864.json","parameterValues":["'選項二'","1"]}