{"uid":"5e4337bc89bcbd31","name":"test_default_check[select-option-2]","fullName":"tests.test_select#test_default_check","historyId":"28acbd320c950962d1508acf94411287","time":{"start":1753374647776,"stop":1753374648052,"duration":276},"status":"failed","statusMessage":"AssertionError: assert '選項二' == 'expected'\n  \n  - expected\n  + 選項二","statusTrace":"driver = <selenium.webdriver.chrome.webdriver.WebDriver (session=\"51a63bb5c068c67644cea6f1c5b5e2c5\")>\nsel_item = 1, expected = '選項二'\nrequest = <FixtureRequest for <Function test_default_check[select-option-2]>>\n\n    @pytest.mark.parametrize(\"sel_item, expected\", params)\n    \n    def test_default_check(driver, sel_item, expected , request):\n        page=IndexPage(driver,)\n        page.open()\n        def do_test():\n            sel_text, show_val=page.select(sel_item)\n            assert sel_text == \"expected\"\n            assert show_val == expected\n    \n        pic = extract_parametrize_id(request)\n>       use_try(driver, do_test, pic)\n\ntests/test_select.py:20: \n_ _ _ _ _ _ _ _ _ _ _ _ _ _ _ _ _ _ _ _ _ _ _ _ _ _ _ _ _ _ _ _ _ _ _ _ _ _ _ _ \nscr/for_try.py:33: in use_try\n    raise e  # 將錯誤拋出給 pytest 判斷為失敗\n    ^^^^^^^\nscr/for_try.py:15: in use_try\n    func()\n_ _ _ _ _ _ _ _ _ _ _ _ _ _ _ _ _ _ _ _ _ _ _ _ _ _ _ _ _ _ _ _ _ _ _ _ _ _ _ _ \n\n    def do_test():\n        sel_text, show_val=page.select(sel_item)\n>       assert sel_text == \"expected\"\nE       AssertionError: assert '選項二' == 'expected'\nE         \nE         - expected\nE         + 選項二\n\ntests/test_select.py:16: AssertionError","flaky":false,"newFailed":false,"newBroken":false,"newPassed":false,"retriesCount":0,"retriesStatusChange":false,"beforeStages":[{"name":"driver","time":{"start":1753374647367,"stop":1753374647776,"duration":409},"status":"passed","steps":[],"attachments":[],"parameters":[],"shouldDisplayMessage":false,"stepsCount":0,"attachmentsCount":0,"hasContent":false,"attachmentStep":false}],"testStage":{"status":"failed","statusMessage":"AssertionError: assert '選項二' == 'expected'\n  \n  - expected\n  + 選項二","statusTrace":"driver = <selenium.webdriver.chrome.webdriver.WebDriver (session=\"51a63bb5c068c67644cea6f1c5b5e2c5\")>\nsel_item = 1, expected = '選項二'\nrequest = <FixtureRequest for <Function test_default_check[select-option-2]>>\n\n    @pytest.mark.parametrize(\"sel_item, expected\", params)\n    \n    def test_default_check(driver, sel_item, expected , request):\n        page=IndexPage(driver,)\n        page.open()\n        def do_test():\n            sel_text, show_val=page.select(sel_item)\n            assert sel_text == \"expected\"\n            assert show_val == expected\n    \n        pic = extract_parametrize_id(request)\n>       use_try(driver, do_test, pic)\n\ntests/test_select.py:20: \n_ _ _ _ _ _ _ _ _ _ _ _ _ _ _ _ _ _ _ _ _ _ _ _ _ _ _ _ _ _ _ _ _ _ _ _ _ _ _ _ \nscr/for_try.py:33: in use_try\n    raise e  # 將錯誤拋出給 pytest 判斷為失敗\n    ^^^^^^^\nscr/for_try.py:15: in use_try\n    func()\n_ _ _ _ _ _ _ _ _ _ _ _ _ _ _ _ _ _ _ _ _ _ _ _ _ _ _ _ _ _ _ _ _ _ _ _ _ _ _ _ \n\n    def do_test():\n        sel_text, show_val=page.select(sel_item)\n>       assert sel_text == \"expected\"\nE       AssertionError: assert '選項二' == 'expected'\nE         \nE         - expected\nE         + 選項二\n\ntests/test_select.py:16: AssertionError","steps":[],"attachments":[{"uid":"bc118024f6018ece","name":"select-option-2","source":"bc118024f6018ece.png","type":"image/png","size":6418},{"uid":"46b516f1b0a83c2d","name":"stdout","source":"46b516f1b0a83c2d.txt","type":"text/plain","size":179}],"parameters":[],"shouldDisplayMessage":true,"stepsCount":0,"attachmentsCount":2,"hasContent":true,"attachmentStep":false},"afterStages":[{"name":"driver::0","time":{"start":1753374648422,"stop":1753374648481,"duration":59},"status":"passed","steps":[],"attachments":[],"parameters":[],"shouldDisplayMessage":false,"stepsCount":0,"attachmentsCount":0,"hasContent":false,"attachmentStep":false}],"labels":[{"name":"parentSuite","value":"tests"},{"name":"suite","value":"test_select"},{"name":"host","value":"fv-az1693-495"},{"name":"thread","value":"3705-MainThread"},{"name":"framework","value":"pytest"},{"name":"language","value":"cpython3"},{"name":"package","value":"tests.test_select"},{"name":"resultFormat","value":"allure2"}],"parameters":[{"name":"expected","value":"'選項二'"},{"name":"sel_item","value":"1"}],"links":[],"hidden":false,"retry":false,"extra":{"severity":"normal","retries":[],"categories":[{"name":"Product defects","matchedStatuses":[],"flaky":false}],"tags":[]},"source":"5e4337bc89bcbd31.json","parameterValues":["'選項二'","1"]}