{"uid":"6d7849035f626cc2","name":"test_reg[valid-case-gmail]","fullName":"tests.test_reg#test_reg","historyId":"0d3cee7f6265b502d83f90d5a0a4428b","time":{"start":1753174558717,"stop":1753174559820,"duration":1103},"status":"failed","statusMessage":"AssertionError: assert False == True","statusTrace":"driver = <selenium.webdriver.chrome.webdriver.WebDriver (session=\"47112c31a0d33507ba8d00cd7bf79fde\")>\nuser = 'asdasd@gmail.com', pwd = 'OK123123ok', confirm = 'OK123123ok'\nexpected = True\nrequest = <FixtureRequest for <Function test_reg[valid-case-gmail]>>\n\n    @pytest.mark.parametrize(\"user, pwd, confirm, expected\", params_input)\n    \n    \n    def test_reg(driver, user, pwd, confirm, expected,request):\n        page=IndexPage(driver)\n        page.open()\n    \n        def do_test():\n            delete_user(user)\n            reg_result=page.reg(user, pwd, confirm)\n            assert reg_result == expected\n            result = query_user_and_password(user, pwd)\n            if reg_result:\n                # 驗證是否寫入資料庫\n                assert result is not None, \"應該成功註冊，但資料庫找不到\"\n                assert result[0] == user\n                assert result[1] == pwd\n            else:\n                assert result is None, \"預期註冊失敗，但資料竟然寫入資料庫了\"\n    \n                # 測試後刪除資料\n            if result:\n                delete_user(user)\n    \n        pic = extract_parametrize_id(request)\n>       use_try(driver, do_test, pic)\n\ntests/test_reg.py:36: \n_ _ _ _ _ _ _ _ _ _ _ _ _ _ _ _ _ _ _ _ _ _ _ _ _ _ _ _ _ _ _ _ _ _ _ _ _ _ _ _ \nscr/for_try.py:33: in use_try\n    raise e  # 將錯誤拋出給 pytest 判斷為失敗\n    ^^^^^^^\nscr/for_try.py:15: in use_try\n    func()\n_ _ _ _ _ _ _ _ _ _ _ _ _ _ _ _ _ _ _ _ _ _ _ _ _ _ _ _ _ _ _ _ _ _ _ _ _ _ _ _ \n\n    def do_test():\n        delete_user(user)\n        reg_result=page.reg(user, pwd, confirm)\n>       assert reg_result == expected\nE       assert False == True\n\ntests/test_reg.py:21: AssertionError","flaky":false,"newFailed":false,"newBroken":false,"newPassed":false,"retriesCount":0,"retriesStatusChange":false,"beforeStages":[{"name":"driver","time":{"start":1753174546479,"stop":1753174546877,"duration":398},"status":"passed","steps":[],"attachments":[],"parameters":[],"shouldDisplayMessage":false,"stepsCount":0,"attachmentsCount":0,"hasContent":false,"attachmentStep":false}],"testStage":{"status":"failed","statusMessage":"AssertionError: assert False == True","statusTrace":"driver = <selenium.webdriver.chrome.webdriver.WebDriver (session=\"47112c31a0d33507ba8d00cd7bf79fde\")>\nuser = 'asdasd@gmail.com', pwd = 'OK123123ok', confirm = 'OK123123ok'\nexpected = True\nrequest = <FixtureRequest for <Function test_reg[valid-case-gmail]>>\n\n    @pytest.mark.parametrize(\"user, pwd, confirm, expected\", params_input)\n    \n    \n    def test_reg(driver, user, pwd, confirm, expected,request):\n        page=IndexPage(driver)\n        page.open()\n    \n        def do_test():\n            delete_user(user)\n            reg_result=page.reg(user, pwd, confirm)\n            assert reg_result == expected\n            result = query_user_and_password(user, pwd)\n            if reg_result:\n                # 驗證是否寫入資料庫\n                assert result is not None, \"應該成功註冊，但資料庫找不到\"\n                assert result[0] == user\n                assert result[1] == pwd\n            else:\n                assert result is None, \"預期註冊失敗，但資料竟然寫入資料庫了\"\n    \n                # 測試後刪除資料\n            if result:\n                delete_user(user)\n    \n        pic = extract_parametrize_id(request)\n>       use_try(driver, do_test, pic)\n\ntests/test_reg.py:36: \n_ _ _ _ _ _ _ _ _ _ _ _ _ _ _ _ _ _ _ _ _ _ _ _ _ _ _ _ _ _ _ _ _ _ _ _ _ _ _ _ \nscr/for_try.py:33: in use_try\n    raise e  # 將錯誤拋出給 pytest 判斷為失敗\n    ^^^^^^^\nscr/for_try.py:15: in use_try\n    func()\n_ _ _ _ _ _ _ _ _ _ _ _ _ _ _ _ _ _ _ _ _ _ _ _ _ _ _ _ _ _ _ _ _ _ _ _ _ _ _ _ \n\n    def do_test():\n        delete_user(user)\n        reg_result=page.reg(user, pwd, confirm)\n>       assert reg_result == expected\nE       assert False == True\n\ntests/test_reg.py:21: AssertionError","steps":[],"attachments":[{"uid":"77e655f258b0ee1b","name":"valid-case-gmail","source":"77e655f258b0ee1b.png","type":"image/png","size":8786},{"uid":"90ab96f35cc16b70","name":"stdout","source":"90ab96f35cc16b70.txt","type":"text/plain","size":164}],"parameters":[],"shouldDisplayMessage":true,"stepsCount":0,"attachmentsCount":2,"hasContent":true,"attachmentStep":false},"afterStages":[{"name":"driver::0","time":{"start":1753174562090,"stop":1753174562154,"duration":64},"status":"passed","steps":[],"attachments":[],"parameters":[],"shouldDisplayMessage":false,"stepsCount":0,"attachmentsCount":0,"hasContent":false,"attachmentStep":false}],"labels":[{"name":"parentSuite","value":"tests"},{"name":"suite","value":"test_reg"},{"name":"host","value":"fv-az1755-192"},{"name":"thread","value":"4314-MainThread"},{"name":"framework","value":"pytest"},{"name":"language","value":"cpython3"},{"name":"package","value":"tests.test_reg"},{"name":"resultFormat","value":"allure2"}],"parameters":[{"name":"confirm","value":"'OK123123ok'"},{"name":"expected","value":"True"},{"name":"pwd","value":"'OK123123ok'"},{"name":"user","value":"'asdasd@gmail.com'"}],"links":[],"hidden":false,"retry":false,"extra":{"severity":"normal","retries":[],"categories":[{"name":"Product defects","matchedStatuses":[],"flaky":false}],"tags":[]},"source":"6d7849035f626cc2.json","parameterValues":["'OK123123ok'","True","'OK123123ok'","'asdasd@gmail.com'"]}