{"uid":"73728e7462a85edc","name":"test_default_check[select-option-3]","fullName":"tests.test_select#test_default_check","historyId":"b3cf8d9253e1843054ca4f8ad4629727","time":{"start":1755073765368,"stop":1755073765550,"duration":182},"status":"failed","statusMessage":"AssertionError: assert '選項三' == 'expected'\n  \n  - expected\n  + 選項三","statusTrace":"driver = <selenium.webdriver.chrome.webdriver.WebDriver (session=\"ed116586d035954dea3881dd1eec6a71\")>\nsel_item = 2, expected = '選項三'\nrequest = <FixtureRequest for <Function test_default_check[select-option-3]>>\n\n    @pytest.mark.parametrize(\"sel_item, expected\", params)\n    \n    def test_default_check(driver, sel_item, expected , request):\n        page=IndexPage(driver,)\n        page.open()\n        def do_test():\n            sel_text, show_val=page.select(sel_item)\n            assert sel_text == \"expected\"\n            assert show_val == expected\n    \n        pic = extract_parametrize_id(request)\n>       use_try(driver, do_test, pic)\n\ntests/test_select.py:20: \n_ _ _ _ _ _ _ _ _ _ _ _ _ _ _ _ _ _ _ _ _ _ _ _ _ _ _ _ _ _ _ _ _ _ _ _ _ _ _ _ \nscr/for_try.py:33: in use_try\n    raise e  # 將錯誤拋出給 pytest 判斷為失敗\n    ^^^^^^^\nscr/for_try.py:15: in use_try\n    func()\n_ _ _ _ _ _ _ _ _ _ _ _ _ _ _ _ _ _ _ _ _ _ _ _ _ _ _ _ _ _ _ _ _ _ _ _ _ _ _ _ \n\n    def do_test():\n        sel_text, show_val=page.select(sel_item)\n>       assert sel_text == \"expected\"\nE       AssertionError: assert '選項三' == 'expected'\nE         \nE         - expected\nE         + 選項三\n\ntests/test_select.py:16: AssertionError","flaky":false,"newFailed":false,"newBroken":false,"newPassed":false,"retriesCount":0,"retriesStatusChange":false,"beforeStages":[{"name":"driver","time":{"start":1755073764622,"stop":1755073765054,"duration":432},"status":"passed","steps":[],"attachments":[],"parameters":[],"shouldDisplayMessage":false,"stepsCount":0,"attachmentsCount":0,"hasContent":false,"attachmentStep":false}],"testStage":{"status":"failed","statusMessage":"AssertionError: assert '選項三' == 'expected'\n  \n  - expected\n  + 選項三","statusTrace":"driver = <selenium.webdriver.chrome.webdriver.WebDriver (session=\"ed116586d035954dea3881dd1eec6a71\")>\nsel_item = 2, expected = '選項三'\nrequest = <FixtureRequest for <Function test_default_check[select-option-3]>>\n\n    @pytest.mark.parametrize(\"sel_item, expected\", params)\n    \n    def test_default_check(driver, sel_item, expected , request):\n        page=IndexPage(driver,)\n        page.open()\n        def do_test():\n            sel_text, show_val=page.select(sel_item)\n            assert sel_text == \"expected\"\n            assert show_val == expected\n    \n        pic = extract_parametrize_id(request)\n>       use_try(driver, do_test, pic)\n\ntests/test_select.py:20: \n_ _ _ _ _ _ _ _ _ _ _ _ _ _ _ _ _ _ _ _ _ _ _ _ _ _ _ _ _ _ _ _ _ _ _ _ _ _ _ _ \nscr/for_try.py:33: in use_try\n    raise e  # 將錯誤拋出給 pytest 判斷為失敗\n    ^^^^^^^\nscr/for_try.py:15: in use_try\n    func()\n_ _ _ _ _ _ _ _ _ _ _ _ _ _ _ _ _ _ _ _ _ _ _ _ _ _ _ _ _ _ _ _ _ _ _ _ _ _ _ _ \n\n    def do_test():\n        sel_text, show_val=page.select(sel_item)\n>       assert sel_text == \"expected\"\nE       AssertionError: assert '選項三' == 'expected'\nE         \nE         - expected\nE         + 選項三\n\ntests/test_select.py:16: AssertionError","steps":[],"attachments":[{"uid":"450e66cb7010e0d4","name":"select-option-3","source":"450e66cb7010e0d4.png","type":"image/png","size":30768},{"uid":"5e79ed8687e61fbd","name":"stdout","source":"5e79ed8687e61fbd.txt","type":"text/plain","size":179}],"parameters":[],"shouldDisplayMessage":true,"stepsCount":0,"attachmentsCount":2,"hasContent":true,"attachmentStep":false},"afterStages":[{"name":"driver::0","time":{"start":1755073765688,"stop":1755073765746,"duration":58},"status":"passed","steps":[],"attachments":[],"parameters":[],"shouldDisplayMessage":false,"stepsCount":0,"attachmentsCount":0,"hasContent":false,"attachmentStep":false}],"labels":[{"name":"parentSuite","value":"tests"},{"name":"suite","value":"test_select"},{"name":"host","value":"pkrvmsl9tci6h6u"},{"name":"thread","value":"4166-MainThread"},{"name":"framework","value":"pytest"},{"name":"language","value":"cpython3"},{"name":"package","value":"tests.test_select"},{"name":"resultFormat","value":"allure2"}],"parameters":[{"name":"expected","value":"'選項三'"},{"name":"sel_item","value":"2"}],"links":[],"hidden":false,"retry":false,"extra":{"severity":"normal","retries":[],"categories":[{"name":"Product defects","matchedStatuses":[],"flaky":false}],"tags":[]},"source":"73728e7462a85edc.json","parameterValues":["'選項三'","2"]}