{"uid":"7a49de95f77748b4","name":"test_reg[valid-case-short-domain]","fullName":"tests.test_reg#test_reg","historyId":"90bb6ba87927bc5203732274d6f1cb0d","time":{"start":1753172734379,"stop":1753172735126,"duration":747},"status":"failed","statusMessage":"AssertionError: assert False == True","statusTrace":"driver = <selenium.webdriver.chrome.webdriver.WebDriver (session=\"953563cb1c0f9fdd2252235e6fcec304\")>\nuser = 'as@o.m', pwd = 'OK123123ok', confirm = 'OK123123ok', expected = True\nrequest = <FixtureRequest for <Function test_reg[valid-case-short-domain]>>\n\n    @pytest.mark.parametrize(\"user, pwd, confirm, expected\", params_input)\n    \n    \n    def test_reg(driver, user, pwd, confirm, expected,request):\n        page=IndexPage(driver)\n        page.open()\n    \n        def do_test():\n            reg_result=page.reg(user, pwd, confirm)\n            assert reg_result == expected\n            result = query_user_and_password(user, pwd)\n            if reg_result:\n                # 驗證是否寫入資料庫\n                assert result is not None, \"應該成功註冊，但資料庫找不到\"\n                assert result[0] == user\n                assert result[1] == pwd\n            else:\n                assert result is None, \"預期註冊失敗，但資料竟然寫入資料庫了\"\n    \n                # 測試後刪除資料\n            if result:\n                delete_user(user)\n    \n        pic = extract_parametrize_id(request)\n>       use_try(driver, do_test, pic)\n\ntests/test_reg.py:35: \n_ _ _ _ _ _ _ _ _ _ _ _ _ _ _ _ _ _ _ _ _ _ _ _ _ _ _ _ _ _ _ _ _ _ _ _ _ _ _ _ \nscr/for_try.py:33: in use_try\n    raise e  # 將錯誤拋出給 pytest 判斷為失敗\n    ^^^^^^^\nscr/for_try.py:15: in use_try\n    func()\n_ _ _ _ _ _ _ _ _ _ _ _ _ _ _ _ _ _ _ _ _ _ _ _ _ _ _ _ _ _ _ _ _ _ _ _ _ _ _ _ \n\n    def do_test():\n        reg_result=page.reg(user, pwd, confirm)\n>       assert reg_result == expected\nE       assert False == True\n\ntests/test_reg.py:20: AssertionError","flaky":false,"newFailed":false,"newBroken":false,"newPassed":false,"retriesCount":0,"retriesStatusChange":false,"beforeStages":[{"name":"driver","time":{"start":1753172723150,"stop":1753172723602,"duration":452},"status":"passed","steps":[],"attachments":[],"parameters":[],"shouldDisplayMessage":false,"stepsCount":0,"attachmentsCount":0,"hasContent":false,"attachmentStep":false}],"testStage":{"status":"failed","statusMessage":"AssertionError: assert False == True","statusTrace":"driver = <selenium.webdriver.chrome.webdriver.WebDriver (session=\"953563cb1c0f9fdd2252235e6fcec304\")>\nuser = 'as@o.m', pwd = 'OK123123ok', confirm = 'OK123123ok', expected = True\nrequest = <FixtureRequest for <Function test_reg[valid-case-short-domain]>>\n\n    @pytest.mark.parametrize(\"user, pwd, confirm, expected\", params_input)\n    \n    \n    def test_reg(driver, user, pwd, confirm, expected,request):\n        page=IndexPage(driver)\n        page.open()\n    \n        def do_test():\n            reg_result=page.reg(user, pwd, confirm)\n            assert reg_result == expected\n            result = query_user_and_password(user, pwd)\n            if reg_result:\n                # 驗證是否寫入資料庫\n                assert result is not None, \"應該成功註冊，但資料庫找不到\"\n                assert result[0] == user\n                assert result[1] == pwd\n            else:\n                assert result is None, \"預期註冊失敗，但資料竟然寫入資料庫了\"\n    \n                # 測試後刪除資料\n            if result:\n                delete_user(user)\n    \n        pic = extract_parametrize_id(request)\n>       use_try(driver, do_test, pic)\n\ntests/test_reg.py:35: \n_ _ _ _ _ _ _ _ _ _ _ _ _ _ _ _ _ _ _ _ _ _ _ _ _ _ _ _ _ _ _ _ _ _ _ _ _ _ _ _ \nscr/for_try.py:33: in use_try\n    raise e  # 將錯誤拋出給 pytest 判斷為失敗\n    ^^^^^^^\nscr/for_try.py:15: in use_try\n    func()\n_ _ _ _ _ _ _ _ _ _ _ _ _ _ _ _ _ _ _ _ _ _ _ _ _ _ _ _ _ _ _ _ _ _ _ _ _ _ _ _ \n\n    def do_test():\n        reg_result=page.reg(user, pwd, confirm)\n>       assert reg_result == expected\nE       assert False == True\n\ntests/test_reg.py:20: AssertionError","steps":[],"attachments":[{"uid":"bb4d48485d91d779","name":"valid-case-short-domain","source":"bb4d48485d91d779.png","type":"image/png","size":7835},{"uid":"ff277eddf489049c","name":"stdout","source":"ff277eddf489049c.txt","type":"text/plain","size":171}],"parameters":[],"shouldDisplayMessage":true,"stepsCount":0,"attachmentsCount":2,"hasContent":true,"attachmentStep":false},"afterStages":[{"name":"driver::0","time":{"start":1753172735881,"stop":1753172735940,"duration":59},"status":"passed","steps":[],"attachments":[],"parameters":[],"shouldDisplayMessage":false,"stepsCount":0,"attachmentsCount":0,"hasContent":false,"attachmentStep":false}],"labels":[{"name":"parentSuite","value":"tests"},{"name":"suite","value":"test_reg"},{"name":"host","value":"fv-az2233-793"},{"name":"thread","value":"4505-MainThread"},{"name":"framework","value":"pytest"},{"name":"language","value":"cpython3"},{"name":"package","value":"tests.test_reg"},{"name":"resultFormat","value":"allure2"}],"parameters":[{"name":"confirm","value":"'OK123123ok'"},{"name":"expected","value":"True"},{"name":"pwd","value":"'OK123123ok'"},{"name":"user","value":"'as@o.m'"}],"links":[],"hidden":false,"retry":false,"extra":{"severity":"normal","retries":[],"categories":[{"name":"Product defects","matchedStatuses":[],"flaky":false}],"tags":[]},"source":"7a49de95f77748b4.json","parameterValues":["'OK123123ok'","True","'OK123123ok'","'as@o.m'"]}