{"uid":"881b0f48cd514e32","name":"test_reg[log_pass]","fullName":"tests.test_login#test_reg","historyId":"d2413aa576844e61c036f924851a0125","time":{"start":1753152870290,"stop":1753152870727,"duration":437},"status":"failed","statusMessage":"AssertionError: assert '帳號或密碼錯誤' == '登入成功'\n  \n  - 登入成功\n  + 帳號或密碼錯誤","statusTrace":"driver = <selenium.webdriver.chrome.webdriver.WebDriver (session=\"49b6d329b060dca439d791c5f5b8eda8\")>\nuser = 'ok858585ok@gmail.com', pwd = 'OK88468', expected = '登入成功'\nrequest = <FixtureRequest for <Function test_reg[log_pass]>>\n\n    @pytest.mark.parametrize(\"user, pwd, expected\", params)\n    \n    def test_reg(driver, user, pwd, expected,request):\n        page=IndexPage(driver)\n        page.open()\n    \n        def do_test():\n            result=page.login(user, pwd)\n            assert result == expected\n    \n    \n        pic = extract_parametrize_id(request)\n>       use_try(driver, do_test, pic)\n\ntests/test_login.py:22: \n_ _ _ _ _ _ _ _ _ _ _ _ _ _ _ _ _ _ _ _ _ _ _ _ _ _ _ _ _ _ _ _ _ _ _ _ _ _ _ _ \nscr/for_try.py:33: in use_try\n    raise e  # 將錯誤拋出給 pytest 判斷為失敗\n    ^^^^^^^\nscr/for_try.py:15: in use_try\n    func()\n_ _ _ _ _ _ _ _ _ _ _ _ _ _ _ _ _ _ _ _ _ _ _ _ _ _ _ _ _ _ _ _ _ _ _ _ _ _ _ _ \n\n    def do_test():\n        result=page.login(user, pwd)\n>       assert result == expected\nE       AssertionError: assert '帳號或密碼錯誤' == '登入成功'\nE         \nE         - 登入成功\nE         + 帳號或密碼錯誤\n\ntests/test_login.py:18: AssertionError","flaky":false,"newFailed":false,"newBroken":false,"newPassed":false,"retriesCount":0,"retriesStatusChange":false,"beforeStages":[{"name":"driver","time":{"start":1753152869380,"stop":1753152869806,"duration":426},"status":"passed","steps":[],"attachments":[],"parameters":[],"shouldDisplayMessage":false,"stepsCount":0,"attachmentsCount":0,"hasContent":false,"attachmentStep":false}],"testStage":{"status":"failed","statusMessage":"AssertionError: assert '帳號或密碼錯誤' == '登入成功'\n  \n  - 登入成功\n  + 帳號或密碼錯誤","statusTrace":"driver = <selenium.webdriver.chrome.webdriver.WebDriver (session=\"49b6d329b060dca439d791c5f5b8eda8\")>\nuser = 'ok858585ok@gmail.com', pwd = 'OK88468', expected = '登入成功'\nrequest = <FixtureRequest for <Function test_reg[log_pass]>>\n\n    @pytest.mark.parametrize(\"user, pwd, expected\", params)\n    \n    def test_reg(driver, user, pwd, expected,request):\n        page=IndexPage(driver)\n        page.open()\n    \n        def do_test():\n            result=page.login(user, pwd)\n            assert result == expected\n    \n    \n        pic = extract_parametrize_id(request)\n>       use_try(driver, do_test, pic)\n\ntests/test_login.py:22: \n_ _ _ _ _ _ _ _ _ _ _ _ _ _ _ _ _ _ _ _ _ _ _ _ _ _ _ _ _ _ _ _ _ _ _ _ _ _ _ _ \nscr/for_try.py:33: in use_try\n    raise e  # 將錯誤拋出給 pytest 判斷為失敗\n    ^^^^^^^\nscr/for_try.py:15: in use_try\n    func()\n_ _ _ _ _ _ _ _ _ _ _ _ _ _ _ _ _ _ _ _ _ _ _ _ _ _ _ _ _ _ _ _ _ _ _ _ _ _ _ _ \n\n    def do_test():\n        result=page.login(user, pwd)\n>       assert result == expected\nE       AssertionError: assert '帳號或密碼錯誤' == '登入成功'\nE         \nE         - 登入成功\nE         + 帳號或密碼錯誤\n\ntests/test_login.py:18: AssertionError","steps":[],"attachments":[{"uid":"e233926d53f43ab0","name":"log_pass","source":"e233926d53f43ab0.png","type":"image/png","size":8626},{"uid":"55fffbdbd0d2b569","name":"stdout","source":"55fffbdbd0d2b569.txt","type":"text/plain","size":204}],"parameters":[],"shouldDisplayMessage":true,"stepsCount":0,"attachmentsCount":2,"hasContent":true,"attachmentStep":false},"afterStages":[{"name":"driver::0","time":{"start":1753152870768,"stop":1753152870827,"duration":59},"status":"passed","steps":[],"attachments":[],"parameters":[],"shouldDisplayMessage":false,"stepsCount":0,"attachmentsCount":0,"hasContent":false,"attachmentStep":false}],"labels":[{"name":"parentSuite","value":"tests"},{"name":"suite","value":"test_login"},{"name":"host","value":"fv-az1695-728"},{"name":"thread","value":"4293-MainThread"},{"name":"framework","value":"pytest"},{"name":"language","value":"cpython3"},{"name":"package","value":"tests.test_login"},{"name":"resultFormat","value":"allure2"}],"parameters":[{"name":"expected","value":"'登入成功'"},{"name":"pwd","value":"'OK88468'"},{"name":"user","value":"'ok858585ok@gmail.com'"}],"links":[],"hidden":false,"retry":false,"extra":{"severity":"normal","retries":[],"categories":[{"name":"Product defects","matchedStatuses":[],"flaky":false}],"tags":[]},"source":"881b0f48cd514e32.json","parameterValues":["'登入成功'","'OK88468'","'ok858585ok@gmail.com'"]}