{"uid":"a81c2a3ca60dbc0","name":"test_reg[log_pass]","fullName":"tests.test_login#test_reg","historyId":"d2413aa576844e61c036f924851a0125","time":{"start":1753166889887,"stop":1753166890180,"duration":293},"status":"failed","statusMessage":"AssertionError: assert '帳號或密碼錯誤' == '登入成功'\n  \n  - 登入成功\n  + 帳號或密碼錯誤","statusTrace":"driver = <selenium.webdriver.chrome.webdriver.WebDriver (session=\"6d8dc54c9e60b9488a5499b176047028\")>\nuser = 'ok858585ok@gmail.com', pwd = 'OK88468', expected = '登入成功'\nrequest = <FixtureRequest for <Function test_reg[log_pass]>>\n\n    @pytest.mark.parametrize(\"user, pwd, expected\", params)\n    \n    def test_reg(driver, user, pwd, expected,request):\n        page=IndexPage(driver)\n        page.open()\n    \n        def do_test():\n            result=page.login(user, pwd)\n            assert result == expected\n    \n    \n        pic = extract_parametrize_id(request)\n>       use_try(driver, do_test, pic)\n\ntests/test_login.py:22: \n_ _ _ _ _ _ _ _ _ _ _ _ _ _ _ _ _ _ _ _ _ _ _ _ _ _ _ _ _ _ _ _ _ _ _ _ _ _ _ _ \nscr/for_try.py:33: in use_try\n    raise e  # 將錯誤拋出給 pytest 判斷為失敗\n    ^^^^^^^\nscr/for_try.py:15: in use_try\n    func()\n_ _ _ _ _ _ _ _ _ _ _ _ _ _ _ _ _ _ _ _ _ _ _ _ _ _ _ _ _ _ _ _ _ _ _ _ _ _ _ _ \n\n    def do_test():\n        result=page.login(user, pwd)\n>       assert result == expected\nE       AssertionError: assert '帳號或密碼錯誤' == '登入成功'\nE         \nE         - 登入成功\nE         + 帳號或密碼錯誤\n\ntests/test_login.py:18: AssertionError","flaky":false,"newFailed":false,"newBroken":false,"newPassed":false,"retriesCount":0,"retriesStatusChange":false,"beforeStages":[{"name":"driver","time":{"start":1753166888889,"stop":1753166889390,"duration":501},"status":"passed","steps":[],"attachments":[],"parameters":[],"shouldDisplayMessage":false,"stepsCount":0,"attachmentsCount":0,"hasContent":false,"attachmentStep":false}],"testStage":{"status":"failed","statusMessage":"AssertionError: assert '帳號或密碼錯誤' == '登入成功'\n  \n  - 登入成功\n  + 帳號或密碼錯誤","statusTrace":"driver = <selenium.webdriver.chrome.webdriver.WebDriver (session=\"6d8dc54c9e60b9488a5499b176047028\")>\nuser = 'ok858585ok@gmail.com', pwd = 'OK88468', expected = '登入成功'\nrequest = <FixtureRequest for <Function test_reg[log_pass]>>\n\n    @pytest.mark.parametrize(\"user, pwd, expected\", params)\n    \n    def test_reg(driver, user, pwd, expected,request):\n        page=IndexPage(driver)\n        page.open()\n    \n        def do_test():\n            result=page.login(user, pwd)\n            assert result == expected\n    \n    \n        pic = extract_parametrize_id(request)\n>       use_try(driver, do_test, pic)\n\ntests/test_login.py:22: \n_ _ _ _ _ _ _ _ _ _ _ _ _ _ _ _ _ _ _ _ _ _ _ _ _ _ _ _ _ _ _ _ _ _ _ _ _ _ _ _ \nscr/for_try.py:33: in use_try\n    raise e  # 將錯誤拋出給 pytest 判斷為失敗\n    ^^^^^^^\nscr/for_try.py:15: in use_try\n    func()\n_ _ _ _ _ _ _ _ _ _ _ _ _ _ _ _ _ _ _ _ _ _ _ _ _ _ _ _ _ _ _ _ _ _ _ _ _ _ _ _ \n\n    def do_test():\n        result=page.login(user, pwd)\n>       assert result == expected\nE       AssertionError: assert '帳號或密碼錯誤' == '登入成功'\nE         \nE         - 登入成功\nE         + 帳號或密碼錯誤\n\ntests/test_login.py:18: AssertionError","steps":[],"attachments":[{"uid":"af9b7c10a281530b","name":"log_pass","source":"af9b7c10a281530b.png","type":"image/png","size":8626},{"uid":"f42f1050b47b0bfa","name":"stdout","source":"f42f1050b47b0bfa.txt","type":"text/plain","size":204}],"parameters":[],"shouldDisplayMessage":true,"stepsCount":0,"attachmentsCount":2,"hasContent":true,"attachmentStep":false},"afterStages":[{"name":"driver::0","time":{"start":1753166890222,"stop":1753166890283,"duration":61},"status":"passed","steps":[],"attachments":[],"parameters":[],"shouldDisplayMessage":false,"stepsCount":0,"attachmentsCount":0,"hasContent":false,"attachmentStep":false}],"labels":[{"name":"parentSuite","value":"tests"},{"name":"suite","value":"test_login"},{"name":"host","value":"fv-az2241-465"},{"name":"thread","value":"4618-MainThread"},{"name":"framework","value":"pytest"},{"name":"language","value":"cpython3"},{"name":"package","value":"tests.test_login"},{"name":"resultFormat","value":"allure2"}],"parameters":[{"name":"expected","value":"'登入成功'"},{"name":"pwd","value":"'OK88468'"},{"name":"user","value":"'ok858585ok@gmail.com'"}],"links":[],"hidden":false,"retry":false,"extra":{"severity":"normal","retries":[],"categories":[{"name":"Product defects","matchedStatuses":[],"flaky":false}],"tags":[]},"source":"a81c2a3ca60dbc0.json","parameterValues":["'登入成功'","'OK88468'","'ok858585ok@gmail.com'"]}