{"uid":"d7ee930d4e6848cb","name":"test_reg[valid-case-gmail]","fullName":"tests.test_reg#test_reg","historyId":"0d3cee7f6265b502d83f90d5a0a4428b","time":{"start":1753168745168,"stop":1753168746074,"duration":906},"status":"failed","statusMessage":"AssertionError: 應該成功註冊，但資料庫找不到\nassert None is not None","statusTrace":"driver = <selenium.webdriver.chrome.webdriver.WebDriver (session=\"8979f9e212da3607fd370342a289502b\")>\nuser = 'asdasd@gmail.com', pwd = 'OK123123ok', confirm = 'OK123123ok'\nexpected = True\nrequest = <FixtureRequest for <Function test_reg[valid-case-gmail]>>\n\n    @pytest.mark.parametrize(\"user, pwd, confirm, expected\", params_input)\n    \n    \n    def test_reg(driver, user, pwd, confirm, expected,request):\n        page=IndexPage(driver)\n        page.open()\n    \n        def do_test():\n            reg_result=page.reg(user, pwd, confirm)\n            assert reg_result == expected\n            result = query_user_and_password(user, pwd)\n            if reg_result:\n                # 驗證是否寫入資料庫\n                assert result is not None, \"應該成功註冊，但資料庫找不到\"\n                assert result[0] == user\n                assert result[1] == pwd\n            else:\n                assert result is None, \"預期註冊失敗，但資料竟然寫入資料庫了\"\n    \n                # 測試後刪除資料\n            if result:\n                delete_user(user)\n    \n        pic = extract_parametrize_id(request)\n>       use_try(driver, do_test, pic)\n\ntests/test_reg.py:35: \n_ _ _ _ _ _ _ _ _ _ _ _ _ _ _ _ _ _ _ _ _ _ _ _ _ _ _ _ _ _ _ _ _ _ _ _ _ _ _ _ \nscr/for_try.py:33: in use_try\n    raise e  # 將錯誤拋出給 pytest 判斷為失敗\n    ^^^^^^^\nscr/for_try.py:15: in use_try\n    func()\n_ _ _ _ _ _ _ _ _ _ _ _ _ _ _ _ _ _ _ _ _ _ _ _ _ _ _ _ _ _ _ _ _ _ _ _ _ _ _ _ \n\n    def do_test():\n        reg_result=page.reg(user, pwd, confirm)\n        assert reg_result == expected\n        result = query_user_and_password(user, pwd)\n        if reg_result:\n            # 驗證是否寫入資料庫\n>           assert result is not None, \"應該成功註冊，但資料庫找不到\"\nE           AssertionError: 應該成功註冊，但資料庫找不到\nE           assert None is not None\n\ntests/test_reg.py:24: AssertionError","flaky":false,"newFailed":false,"newBroken":false,"newPassed":false,"retriesCount":0,"retriesStatusChange":false,"beforeStages":[{"name":"driver","time":{"start":1753168732142,"stop":1753168732589,"duration":447},"status":"passed","steps":[],"attachments":[],"parameters":[],"shouldDisplayMessage":false,"stepsCount":0,"attachmentsCount":0,"hasContent":false,"attachmentStep":false}],"testStage":{"status":"failed","statusMessage":"AssertionError: 應該成功註冊，但資料庫找不到\nassert None is not None","statusTrace":"driver = <selenium.webdriver.chrome.webdriver.WebDriver (session=\"8979f9e212da3607fd370342a289502b\")>\nuser = 'asdasd@gmail.com', pwd = 'OK123123ok', confirm = 'OK123123ok'\nexpected = True\nrequest = <FixtureRequest for <Function test_reg[valid-case-gmail]>>\n\n    @pytest.mark.parametrize(\"user, pwd, confirm, expected\", params_input)\n    \n    \n    def test_reg(driver, user, pwd, confirm, expected,request):\n        page=IndexPage(driver)\n        page.open()\n    \n        def do_test():\n            reg_result=page.reg(user, pwd, confirm)\n            assert reg_result == expected\n            result = query_user_and_password(user, pwd)\n            if reg_result:\n                # 驗證是否寫入資料庫\n                assert result is not None, \"應該成功註冊，但資料庫找不到\"\n                assert result[0] == user\n                assert result[1] == pwd\n            else:\n                assert result is None, \"預期註冊失敗，但資料竟然寫入資料庫了\"\n    \n                # 測試後刪除資料\n            if result:\n                delete_user(user)\n    \n        pic = extract_parametrize_id(request)\n>       use_try(driver, do_test, pic)\n\ntests/test_reg.py:35: \n_ _ _ _ _ _ _ _ _ _ _ _ _ _ _ _ _ _ _ _ _ _ _ _ _ _ _ _ _ _ _ _ _ _ _ _ _ _ _ _ \nscr/for_try.py:33: in use_try\n    raise e  # 將錯誤拋出給 pytest 判斷為失敗\n    ^^^^^^^\nscr/for_try.py:15: in use_try\n    func()\n_ _ _ _ _ _ _ _ _ _ _ _ _ _ _ _ _ _ _ _ _ _ _ _ _ _ _ _ _ _ _ _ _ _ _ _ _ _ _ _ \n\n    def do_test():\n        reg_result=page.reg(user, pwd, confirm)\n        assert reg_result == expected\n        result = query_user_and_password(user, pwd)\n        if reg_result:\n            # 驗證是否寫入資料庫\n>           assert result is not None, \"應該成功註冊，但資料庫找不到\"\nE           AssertionError: 應該成功註冊，但資料庫找不到\nE           assert None is not None\n\ntests/test_reg.py:24: AssertionError","steps":[],"attachments":[{"uid":"91be4fcdad0f4858","name":"valid-case-gmail","source":"91be4fcdad0f4858.png","type":"image/png","size":8786},{"uid":"c5973f56fe2b9d8b","name":"stdout","source":"c5973f56fe2b9d8b.txt","type":"text/plain","size":222}],"parameters":[],"shouldDisplayMessage":true,"stepsCount":0,"attachmentsCount":2,"hasContent":true,"attachmentStep":false},"afterStages":[{"name":"driver::0","time":{"start":1753168747345,"stop":1753168747407,"duration":62},"status":"passed","steps":[],"attachments":[],"parameters":[],"shouldDisplayMessage":false,"stepsCount":0,"attachmentsCount":0,"hasContent":false,"attachmentStep":false}],"labels":[{"name":"parentSuite","value":"tests"},{"name":"suite","value":"test_reg"},{"name":"host","value":"fv-az2251-126"},{"name":"thread","value":"4633-MainThread"},{"name":"framework","value":"pytest"},{"name":"language","value":"cpython3"},{"name":"package","value":"tests.test_reg"},{"name":"resultFormat","value":"allure2"}],"parameters":[{"name":"confirm","value":"'OK123123ok'"},{"name":"expected","value":"True"},{"name":"pwd","value":"'OK123123ok'"},{"name":"user","value":"'asdasd@gmail.com'"}],"links":[],"hidden":false,"retry":false,"extra":{"severity":"normal","retries":[],"categories":[{"name":"Product defects","matchedStatuses":[],"flaky":false}],"tags":[]},"source":"d7ee930d4e6848cb.json","parameterValues":["'OK123123ok'","True","'OK123123ok'","'asdasd@gmail.com'"]}