{"uid":"6f06fec7db49100c","name":"test_reg[valid-case-lowercase-password]","fullName":"tests.test_reg#test_reg","historyId":"2f3153412dd902dc22f9e071f56a4686","time":{"start":1753168352685,"stop":1753168353031,"duration":346},"status":"failed","statusMessage":"AssertionError: assert False == True","statusTrace":"driver = <selenium.webdriver.firefox.webdriver.WebDriver (session=\"1f5218fb-6f55-47d3-b14d-ee04a932f6c8\")>\nuser = 'asdasd@gmail.com', pwd = 's123Ok', confirm = 's123Ok', expected = True\nrequest = <FixtureRequest for <Function test_reg[valid-case-lowercase-password]>>\n\n    @pytest.mark.parametrize(\"user, pwd, confirm, expected\", params_input)\n    \n    \n    def test_reg(driver, user, pwd, confirm, expected,request):\n        page=IndexPage(driver)\n        page.open()\n    \n        def do_test():\n            reg_result=page.reg(user, pwd, confirm)\n            assert reg_result == expected\n            result = query_user_and_password(user, pwd)\n            if reg_result:\n                # 驗證是否寫入資料庫\n                assert result is not None, \"應該成功註冊，但資料庫找不到\"\n                assert result[0] == user\n                assert result[1] == pwd\n            else:\n                assert result is None, \"預期註冊失敗，但資料竟然寫入資料庫了\"\n    \n                # 測試後刪除資料\n            if result:\n                delete_user(user)\n    \n        pic = extract_parametrize_id(request)\n>       use_try(driver, do_test, pic)\n\ntests/test_reg.py:35: \n_ _ _ _ _ _ _ _ _ _ _ _ _ _ _ _ _ _ _ _ _ _ _ _ _ _ _ _ _ _ _ _ _ _ _ _ _ _ _ _ \nscr/for_try.py:33: in use_try\n    raise e  # 將錯誤拋出給 pytest 判斷為失敗\n    ^^^^^^^\nscr/for_try.py:15: in use_try\n    func()\n_ _ _ _ _ _ _ _ _ _ _ _ _ _ _ _ _ _ _ _ _ _ _ _ _ _ _ _ _ _ _ _ _ _ _ _ _ _ _ _ \n\n    def do_test():\n        reg_result=page.reg(user, pwd, confirm)\n>       assert reg_result == expected\nE       assert False == True\n\ntests/test_reg.py:20: AssertionError","flaky":false,"newFailed":false,"newBroken":false,"newPassed":false,"retriesCount":0,"retriesStatusChange":false,"beforeStages":[{"name":"driver","time":{"start":1753168345551,"stop":1753168347334,"duration":1783},"status":"passed","steps":[],"attachments":[],"parameters":[],"shouldDisplayMessage":false,"stepsCount":0,"attachmentsCount":0,"hasContent":false,"attachmentStep":false}],"testStage":{"status":"failed","statusMessage":"AssertionError: assert False == True","statusTrace":"driver = <selenium.webdriver.firefox.webdriver.WebDriver (session=\"1f5218fb-6f55-47d3-b14d-ee04a932f6c8\")>\nuser = 'asdasd@gmail.com', pwd = 's123Ok', confirm = 's123Ok', expected = True\nrequest = <FixtureRequest for <Function test_reg[valid-case-lowercase-password]>>\n\n    @pytest.mark.parametrize(\"user, pwd, confirm, expected\", params_input)\n    \n    \n    def test_reg(driver, user, pwd, confirm, expected,request):\n        page=IndexPage(driver)\n        page.open()\n    \n        def do_test():\n            reg_result=page.reg(user, pwd, confirm)\n            assert reg_result == expected\n            result = query_user_and_password(user, pwd)\n            if reg_result:\n                # 驗證是否寫入資料庫\n                assert result is not None, \"應該成功註冊，但資料庫找不到\"\n                assert result[0] == user\n                assert result[1] == pwd\n            else:\n                assert result is None, \"預期註冊失敗，但資料竟然寫入資料庫了\"\n    \n                # 測試後刪除資料\n            if result:\n                delete_user(user)\n    \n        pic = extract_parametrize_id(request)\n>       use_try(driver, do_test, pic)\n\ntests/test_reg.py:35: \n_ _ _ _ _ _ _ _ _ _ _ _ _ _ _ _ _ _ _ _ _ _ _ _ _ _ _ _ _ _ _ _ _ _ _ _ _ _ _ _ \nscr/for_try.py:33: in use_try\n    raise e  # 將錯誤拋出給 pytest 判斷為失敗\n    ^^^^^^^\nscr/for_try.py:15: in use_try\n    func()\n_ _ _ _ _ _ _ _ _ _ _ _ _ _ _ _ _ _ _ _ _ _ _ _ _ _ _ _ _ _ _ _ _ _ _ _ _ _ _ _ \n\n    def do_test():\n        reg_result=page.reg(user, pwd, confirm)\n>       assert reg_result == expected\nE       assert False == True\n\ntests/test_reg.py:20: AssertionError","steps":[],"attachments":[{"uid":"7ff80d279f5e6aae","name":"valid-case-lowercase-password","source":"7ff80d279f5e6aae.png","type":"image/png","size":31562},{"uid":"c11bda50ca54ce3","name":"stdout","source":"c11bda50ca54ce3.txt","type":"text/plain","size":192}],"parameters":[],"shouldDisplayMessage":true,"stepsCount":0,"attachmentsCount":2,"hasContent":true,"attachmentStep":false},"afterStages":[{"name":"driver::0","time":{"start":1753168353036,"stop":1753168353697,"duration":661},"status":"passed","steps":[],"attachments":[],"parameters":[],"shouldDisplayMessage":false,"stepsCount":0,"attachmentsCount":0,"hasContent":false,"attachmentStep":false}],"labels":[{"name":"parentSuite","value":"tests"},{"name":"suite","value":"test_reg"},{"name":"host","value":"fv-az1719-415"},{"name":"thread","value":"4412-MainThread"},{"name":"framework","value":"pytest"},{"name":"language","value":"cpython3"},{"name":"package","value":"tests.test_reg"},{"name":"resultFormat","value":"allure2"}],"parameters":[{"name":"confirm","value":"'s123Ok'"},{"name":"expected","value":"True"},{"name":"pwd","value":"'s123Ok'"},{"name":"user","value":"'asdasd@gmail.com'"}],"links":[],"hidden":false,"retry":false,"extra":{"severity":"normal","retries":[],"categories":[{"name":"Product defects","matchedStatuses":[],"flaky":false}],"tags":[]},"source":"6f06fec7db49100c.json","parameterValues":["'s123Ok'","True","'s123Ok'","'asdasd@gmail.com'"]}