{"uid":"aeb637f217b405d4","name":"test_default_check[select-option-1]","fullName":"tests.test_select#test_default_check","historyId":"d78524c11d616ab816fd47ba17b150a1","time":{"start":1755080399913,"stop":1755080400032,"duration":119},"status":"failed","statusMessage":"AssertionError: assert '選項一' == 'expected'\n  \n  - expected\n  + 選項一","statusTrace":"driver = <selenium.webdriver.firefox.webdriver.WebDriver (session=\"6853431e-9425-4172-8561-585459ca3fac\")>\nsel_item = 0, expected = '選項一'\nrequest = <FixtureRequest for <Function test_default_check[select-option-1]>>\n\n    @pytest.mark.parametrize(\"sel_item, expected\", params)\n    \n    def test_default_check(driver, sel_item, expected , request):\n        page=IndexPage(driver,)\n        page.open()\n        def do_test():\n            sel_text, show_val=page.select(sel_item)\n            assert sel_text == \"expected\"\n            assert show_val == expected\n    \n        pic = extract_parametrize_id(request)\n>       use_try(driver, do_test, pic)\n\ntests/test_select.py:20: \n_ _ _ _ _ _ _ _ _ _ _ _ _ _ _ _ _ _ _ _ _ _ _ _ _ _ _ _ _ _ _ _ _ _ _ _ _ _ _ _ \nscr/for_try.py:33: in use_try\n    raise e  # 將錯誤拋出給 pytest 判斷為失敗\n    ^^^^^^^\nscr/for_try.py:15: in use_try\n    func()\n_ _ _ _ _ _ _ _ _ _ _ _ _ _ _ _ _ _ _ _ _ _ _ _ _ _ _ _ _ _ _ _ _ _ _ _ _ _ _ _ \n\n    def do_test():\n        sel_text, show_val=page.select(sel_item)\n>       assert sel_text == \"expected\"\nE       AssertionError: assert '選項一' == 'expected'\nE         \nE         - expected\nE         + 選項一\n\ntests/test_select.py:16: AssertionError","flaky":false,"newFailed":false,"newBroken":false,"newPassed":false,"retriesCount":0,"retriesStatusChange":false,"beforeStages":[{"name":"driver","time":{"start":1755080397112,"stop":1755080398878,"duration":1766},"status":"passed","steps":[],"attachments":[],"parameters":[],"shouldDisplayMessage":false,"stepsCount":0,"attachmentsCount":0,"hasContent":false,"attachmentStep":false}],"testStage":{"status":"failed","statusMessage":"AssertionError: assert '選項一' == 'expected'\n  \n  - expected\n  + 選項一","statusTrace":"driver = <selenium.webdriver.firefox.webdriver.WebDriver (session=\"6853431e-9425-4172-8561-585459ca3fac\")>\nsel_item = 0, expected = '選項一'\nrequest = <FixtureRequest for <Function test_default_check[select-option-1]>>\n\n    @pytest.mark.parametrize(\"sel_item, expected\", params)\n    \n    def test_default_check(driver, sel_item, expected , request):\n        page=IndexPage(driver,)\n        page.open()\n        def do_test():\n            sel_text, show_val=page.select(sel_item)\n            assert sel_text == \"expected\"\n            assert show_val == expected\n    \n        pic = extract_parametrize_id(request)\n>       use_try(driver, do_test, pic)\n\ntests/test_select.py:20: \n_ _ _ _ _ _ _ _ _ _ _ _ _ _ _ _ _ _ _ _ _ _ _ _ _ _ _ _ _ _ _ _ _ _ _ _ _ _ _ _ \nscr/for_try.py:33: in use_try\n    raise e  # 將錯誤拋出給 pytest 判斷為失敗\n    ^^^^^^^\nscr/for_try.py:15: in use_try\n    func()\n_ _ _ _ _ _ _ _ _ _ _ _ _ _ _ _ _ _ _ _ _ _ _ _ _ _ _ _ _ _ _ _ _ _ _ _ _ _ _ _ \n\n    def do_test():\n        sel_text, show_val=page.select(sel_item)\n>       assert sel_text == \"expected\"\nE       AssertionError: assert '選項一' == 'expected'\nE         \nE         - expected\nE         + 選項一\n\ntests/test_select.py:16: AssertionError","steps":[],"attachments":[{"uid":"68d50dc21f75b01b","name":"select-option-1","source":"68d50dc21f75b01b.png","type":"image/png","size":59220},{"uid":"3f6ad42949a2b508","name":"stdout","source":"3f6ad42949a2b508.txt","type":"text/plain","size":179}],"parameters":[],"shouldDisplayMessage":true,"stepsCount":0,"attachmentsCount":2,"hasContent":true,"attachmentStep":false},"afterStages":[{"name":"driver::0","time":{"start":1755080400037,"stop":1755080400699,"duration":662},"status":"passed","steps":[],"attachments":[],"parameters":[],"shouldDisplayMessage":false,"stepsCount":0,"attachmentsCount":0,"hasContent":false,"attachmentStep":false}],"labels":[{"name":"parentSuite","value":"tests"},{"name":"suite","value":"test_select"},{"name":"host","value":"pkrvmsl9tci6h6u"},{"name":"thread","value":"4172-MainThread"},{"name":"framework","value":"pytest"},{"name":"language","value":"cpython3"},{"name":"package","value":"tests.test_select"},{"name":"resultFormat","value":"allure2"}],"parameters":[{"name":"expected","value":"'選項一'"},{"name":"sel_item","value":"0"}],"links":[],"hidden":false,"retry":false,"extra":{"severity":"normal","retries":[],"categories":[{"name":"Product defects","matchedStatuses":[],"flaky":false}],"tags":[]},"source":"aeb637f217b405d4.json","parameterValues":["'選項一'","0"]}