{"uid":"b80bef0061186d73","name":"test_default_check[select-option-3]","fullName":"tests.test_select#test_default_check","historyId":"b3cf8d9253e1843054ca4f8ad4629727","time":{"start":1753374709497,"stop":1753374709895,"duration":398},"status":"failed","statusMessage":"AssertionError: assert '選項三' == 'expected'\n  \n  - expected\n  + 選項三","statusTrace":"driver = <selenium.webdriver.firefox.webdriver.WebDriver (session=\"84ceed00-36cd-4efb-82b1-eb64fb2dbda5\")>\nsel_item = 2, expected = '選項三'\nrequest = <FixtureRequest for <Function test_default_check[select-option-3]>>\n\n    @pytest.mark.parametrize(\"sel_item, expected\", params)\n    \n    def test_default_check(driver, sel_item, expected , request):\n        page=IndexPage(driver,)\n        page.open()\n        def do_test():\n            sel_text, show_val=page.select(sel_item)\n            assert sel_text == \"expected\"\n            assert show_val == expected\n    \n        pic = extract_parametrize_id(request)\n>       use_try(driver, do_test, pic)\n\ntests/test_select.py:20: \n_ _ _ _ _ _ _ _ _ _ _ _ _ _ _ _ _ _ _ _ _ _ _ _ _ _ _ _ _ _ _ _ _ _ _ _ _ _ _ _ \nscr/for_try.py:33: in use_try\n    raise e  # 將錯誤拋出給 pytest 判斷為失敗\n    ^^^^^^^\nscr/for_try.py:15: in use_try\n    func()\n_ _ _ _ _ _ _ _ _ _ _ _ _ _ _ _ _ _ _ _ _ _ _ _ _ _ _ _ _ _ _ _ _ _ _ _ _ _ _ _ \n\n    def do_test():\n        sel_text, show_val=page.select(sel_item)\n>       assert sel_text == \"expected\"\nE       AssertionError: assert '選項三' == 'expected'\nE         \nE         - expected\nE         + 選項三\n\ntests/test_select.py:16: AssertionError","flaky":false,"newFailed":false,"newBroken":false,"newPassed":false,"retriesCount":0,"retriesStatusChange":false,"beforeStages":[{"name":"driver","time":{"start":1753374706379,"stop":1753374708759,"duration":2380},"status":"passed","steps":[],"attachments":[],"parameters":[],"shouldDisplayMessage":false,"stepsCount":0,"attachmentsCount":0,"hasContent":false,"attachmentStep":false}],"testStage":{"status":"failed","statusMessage":"AssertionError: assert '選項三' == 'expected'\n  \n  - expected\n  + 選項三","statusTrace":"driver = <selenium.webdriver.firefox.webdriver.WebDriver (session=\"84ceed00-36cd-4efb-82b1-eb64fb2dbda5\")>\nsel_item = 2, expected = '選項三'\nrequest = <FixtureRequest for <Function test_default_check[select-option-3]>>\n\n    @pytest.mark.parametrize(\"sel_item, expected\", params)\n    \n    def test_default_check(driver, sel_item, expected , request):\n        page=IndexPage(driver,)\n        page.open()\n        def do_test():\n            sel_text, show_val=page.select(sel_item)\n            assert sel_text == \"expected\"\n            assert show_val == expected\n    \n        pic = extract_parametrize_id(request)\n>       use_try(driver, do_test, pic)\n\ntests/test_select.py:20: \n_ _ _ _ _ _ _ _ _ _ _ _ _ _ _ _ _ _ _ _ _ _ _ _ _ _ _ _ _ _ _ _ _ _ _ _ _ _ _ _ \nscr/for_try.py:33: in use_try\n    raise e  # 將錯誤拋出給 pytest 判斷為失敗\n    ^^^^^^^\nscr/for_try.py:15: in use_try\n    func()\n_ _ _ _ _ _ _ _ _ _ _ _ _ _ _ _ _ _ _ _ _ _ _ _ _ _ _ _ _ _ _ _ _ _ _ _ _ _ _ _ \n\n    def do_test():\n        sel_text, show_val=page.select(sel_item)\n>       assert sel_text == \"expected\"\nE       AssertionError: assert '選項三' == 'expected'\nE         \nE         - expected\nE         + 選項三\n\ntests/test_select.py:16: AssertionError","steps":[],"attachments":[{"uid":"ab6dc9c78197a232","name":"select-option-3","source":"ab6dc9c78197a232.png","type":"image/png","size":31193},{"uid":"84c870d81f2269dd","name":"stdout","source":"84c870d81f2269dd.txt","type":"text/plain","size":179}],"parameters":[],"shouldDisplayMessage":true,"stepsCount":0,"attachmentsCount":2,"hasContent":true,"attachmentStep":false},"afterStages":[{"name":"driver::0","time":{"start":1753374710035,"stop":1753374710706,"duration":671},"status":"passed","steps":[],"attachments":[],"parameters":[],"shouldDisplayMessage":false,"stepsCount":0,"attachmentsCount":0,"hasContent":false,"attachmentStep":false}],"labels":[{"name":"parentSuite","value":"tests"},{"name":"suite","value":"test_select"},{"name":"host","value":"fv-az1693-495"},{"name":"thread","value":"3705-MainThread"},{"name":"framework","value":"pytest"},{"name":"language","value":"cpython3"},{"name":"package","value":"tests.test_select"},{"name":"resultFormat","value":"allure2"}],"parameters":[{"name":"expected","value":"'選項三'"},{"name":"sel_item","value":"2"}],"links":[],"hidden":false,"retry":false,"extra":{"severity":"normal","retries":[],"categories":[{"name":"Product defects","matchedStatuses":[],"flaky":false}],"tags":[]},"source":"b80bef0061186d73.json","parameterValues":["'選項三'","2"]}