{"uid":"d23a3e7eb035d597","name":"test_default_check[select-option-2]","fullName":"tests.test_select#test_default_check","historyId":"28acbd320c950962d1508acf94411287","time":{"start":1753350574052,"stop":1753350574957,"duration":905},"status":"failed","statusMessage":"AssertionError: assert '選項二' == 'qwe'\n  \n  - qwe\n  + 選項二","statusTrace":"driver = <selenium.webdriver.firefox.webdriver.WebDriver (session=\"f8f490dc-5f4c-4c9e-854f-6a733db345f2\")>\nsel_item = 1, expected = '選項二'\nrequest = <FixtureRequest for <Function test_default_check[select-option-2]>>\n\n    @pytest.mark.parametrize(\"sel_item, expected\", params)\n    \n    def test_default_check(driver, sel_item, expected , request):\n        page=IndexPage(driver,)\n        page.open()\n        def do_test():\n            sel_text, show_val=page.select(sel_item)\n            assert sel_text == \"qwe\"\n            assert show_val == expected\n    \n        pic = extract_parametrize_id(request)\n>       use_try(driver, do_test, pic)\n\ntests/test_select.py:20: \n_ _ _ _ _ _ _ _ _ _ _ _ _ _ _ _ _ _ _ _ _ _ _ _ _ _ _ _ _ _ _ _ _ _ _ _ _ _ _ _ \nscr/for_try.py:33: in use_try\n    raise e  # 將錯誤拋出給 pytest 判斷為失敗\n    ^^^^^^^\nscr/for_try.py:15: in use_try\n    func()\n_ _ _ _ _ _ _ _ _ _ _ _ _ _ _ _ _ _ _ _ _ _ _ _ _ _ _ _ _ _ _ _ _ _ _ _ _ _ _ _ \n\n    def do_test():\n        sel_text, show_val=page.select(sel_item)\n>       assert sel_text == \"qwe\"\nE       AssertionError: assert '選項二' == 'qwe'\nE         \nE         - qwe\nE         + 選項二\n\ntests/test_select.py:16: AssertionError","flaky":false,"newFailed":false,"newBroken":false,"newPassed":false,"retriesCount":0,"retriesStatusChange":false,"beforeStages":[{"name":"driver","time":{"start":1753350572087,"stop":1753350574051,"duration":1964},"status":"passed","steps":[],"attachments":[],"parameters":[],"shouldDisplayMessage":false,"stepsCount":0,"attachmentsCount":0,"hasContent":false,"attachmentStep":false}],"testStage":{"status":"failed","statusMessage":"AssertionError: assert '選項二' == 'qwe'\n  \n  - qwe\n  + 選項二","statusTrace":"driver = <selenium.webdriver.firefox.webdriver.WebDriver (session=\"f8f490dc-5f4c-4c9e-854f-6a733db345f2\")>\nsel_item = 1, expected = '選項二'\nrequest = <FixtureRequest for <Function test_default_check[select-option-2]>>\n\n    @pytest.mark.parametrize(\"sel_item, expected\", params)\n    \n    def test_default_check(driver, sel_item, expected , request):\n        page=IndexPage(driver,)\n        page.open()\n        def do_test():\n            sel_text, show_val=page.select(sel_item)\n            assert sel_text == \"qwe\"\n            assert show_val == expected\n    \n        pic = extract_parametrize_id(request)\n>       use_try(driver, do_test, pic)\n\ntests/test_select.py:20: \n_ _ _ _ _ _ _ _ _ _ _ _ _ _ _ _ _ _ _ _ _ _ _ _ _ _ _ _ _ _ _ _ _ _ _ _ _ _ _ _ \nscr/for_try.py:33: in use_try\n    raise e  # 將錯誤拋出給 pytest 判斷為失敗\n    ^^^^^^^\nscr/for_try.py:15: in use_try\n    func()\n_ _ _ _ _ _ _ _ _ _ _ _ _ _ _ _ _ _ _ _ _ _ _ _ _ _ _ _ _ _ _ _ _ _ _ _ _ _ _ _ \n\n    def do_test():\n        sel_text, show_val=page.select(sel_item)\n>       assert sel_text == \"qwe\"\nE       AssertionError: assert '選項二' == 'qwe'\nE         \nE         - qwe\nE         + 選項二\n\ntests/test_select.py:16: AssertionError","steps":[],"attachments":[{"uid":"5f3e9d90eae07108","name":"select-option-2","source":"5f3e9d90eae07108.png","type":"image/png","size":31209},{"uid":"9a45450134a61576","name":"stdout","source":"9a45450134a61576.txt","type":"text/plain","size":169}],"parameters":[],"shouldDisplayMessage":true,"stepsCount":0,"attachmentsCount":2,"hasContent":true,"attachmentStep":false},"afterStages":[{"name":"driver::0","time":{"start":1753350575492,"stop":1753350576149,"duration":657},"status":"passed","steps":[],"attachments":[],"parameters":[],"shouldDisplayMessage":false,"stepsCount":0,"attachmentsCount":0,"hasContent":false,"attachmentStep":false}],"labels":[{"name":"parentSuite","value":"tests"},{"name":"suite","value":"test_select"},{"name":"host","value":"fv-az1692-712"},{"name":"thread","value":"3747-MainThread"},{"name":"framework","value":"pytest"},{"name":"language","value":"cpython3"},{"name":"package","value":"tests.test_select"},{"name":"resultFormat","value":"allure2"}],"parameters":[{"name":"expected","value":"'選項二'"},{"name":"sel_item","value":"1"}],"links":[],"hidden":false,"retry":false,"extra":{"severity":"normal","retries":[],"categories":[{"name":"Product defects","matchedStatuses":[],"flaky":false}],"tags":[]},"source":"d23a3e7eb035d597.json","parameterValues":["'選項二'","1"]}